[2022-12-12T12:45:56.248+0000] {manager.py:483} INFO - Processing files using up to 2 processes at a time 
[2022-12-12T12:45:56.250+0000] {manager.py:484} INFO - Process each file at most once every 30 seconds
[2022-12-12T12:45:56.250+0000] {manager.py:486} INFO - Checking for new files in /opt/airflow/dags every 300 seconds
[2022-12-12T12:45:56.251+0000] {manager.py:726} INFO - Searching for files in /opt/airflow/dags
[2022-12-12T12:45:56.252+0000] {manager.py:729} INFO - There are 0 files in /opt/airflow/dags
[2022-12-12T12:47:14.019+0000] {manager.py:465} INFO - Exiting gracefully upon receiving signal 15
[2022-12-13T12:41:37.342+0000] {manager.py:483} INFO - Processing files using up to 2 processes at a time 
[2022-12-13T12:41:37.344+0000] {manager.py:484} INFO - Process each file at most once every 30 seconds
[2022-12-13T12:41:37.345+0000] {manager.py:486} INFO - Checking for new files in /opt/airflow/dags every 300 seconds
[2022-12-13T12:41:37.345+0000] {manager.py:726} INFO - Searching for files in /opt/airflow/dags
[2022-12-13T12:41:37.347+0000] {manager.py:729} INFO - There are 0 files in /opt/airflow/dags
[2022-12-13T12:46:38.178+0000] {manager.py:726} INFO - Searching for files in /opt/airflow/dags
[2022-12-13T12:46:38.179+0000] {manager.py:729} INFO - There are 0 files in /opt/airflow/dags
[2022-12-13T12:51:38.790+0000] {manager.py:726} INFO - Searching for files in /opt/airflow/dags
[2022-12-13T12:51:38.791+0000] {manager.py:729} INFO - There are 0 files in /opt/airflow/dags
[2022-12-13T12:56:39.642+0000] {manager.py:726} INFO - Searching for files in /opt/airflow/dags
[2022-12-13T12:56:39.643+0000] {manager.py:729} INFO - There are 0 files in /opt/airflow/dags
[2022-12-13T13:01:40.338+0000] {manager.py:726} INFO - Searching for files in /opt/airflow/dags
[2022-12-13T13:01:40.339+0000] {manager.py:729} INFO - There are 0 files in /opt/airflow/dags
[2022-12-13T13:06:41.042+0000] {manager.py:726} INFO - Searching for files in /opt/airflow/dags
[2022-12-13T13:06:41.043+0000] {manager.py:729} INFO - There are 0 files in /opt/airflow/dags
[2022-12-13T13:11:41.862+0000] {manager.py:726} INFO - Searching for files in /opt/airflow/dags
[2022-12-13T13:11:41.862+0000] {manager.py:729} INFO - There are 0 files in /opt/airflow/dags
[2022-12-13T13:16:42.594+0000] {manager.py:726} INFO - Searching for files in /opt/airflow/dags
[2022-12-13T13:16:42.595+0000] {manager.py:729} INFO - There are 0 files in /opt/airflow/dags
[2022-12-13T13:21:43.365+0000] {manager.py:726} INFO - Searching for files in /opt/airflow/dags
[2022-12-13T13:21:43.366+0000] {manager.py:729} INFO - There are 0 files in /opt/airflow/dags
[2022-12-13T13:25:48.797+0000] {manager.py:465} INFO - Exiting gracefully upon receiving signal 15
[2022-12-13T17:47:35.749+0000] {manager.py:483} INFO - Processing files using up to 2 processes at a time 
[2022-12-13T17:47:35.752+0000] {manager.py:484} INFO - Process each file at most once every 30 seconds
[2022-12-13T17:47:35.752+0000] {manager.py:486} INFO - Checking for new files in /opt/airflow/dags every 300 seconds
[2022-12-13T17:47:35.752+0000] {manager.py:726} INFO - Searching for files in /opt/airflow/dags
[2022-12-13T17:47:35.753+0000] {manager.py:729} INFO - There are 0 files in /opt/airflow/dags
[2022-12-13T17:52:35.803+0000] {manager.py:726} INFO - Searching for files in /opt/airflow/dags
[2022-12-13T17:52:35.804+0000] {manager.py:729} INFO - There are 0 files in /opt/airflow/dags
[2022-12-13T17:57:36.452+0000] {manager.py:726} INFO - Searching for files in /opt/airflow/dags
[2022-12-13T17:57:36.453+0000] {manager.py:729} INFO - There are 0 files in /opt/airflow/dags
[2022-12-13T18:02:37.209+0000] {manager.py:726} INFO - Searching for files in /opt/airflow/dags
[2022-12-13T18:02:37.210+0000] {manager.py:729} INFO - There are 0 files in /opt/airflow/dags
[2022-12-13T18:07:37.934+0000] {manager.py:726} INFO - Searching for files in /opt/airflow/dags
[2022-12-13T18:07:37.935+0000] {manager.py:729} INFO - There are 0 files in /opt/airflow/dags
[2022-12-13T18:12:38.633+0000] {manager.py:726} INFO - Searching for files in /opt/airflow/dags
[2022-12-13T18:12:38.635+0000] {manager.py:729} INFO - There are 0 files in /opt/airflow/dags
[2022-12-13T18:17:39.446+0000] {manager.py:726} INFO - Searching for files in /opt/airflow/dags
[2022-12-13T18:17:39.447+0000] {manager.py:729} INFO - There are 0 files in /opt/airflow/dags
[2022-12-13T18:22:40.230+0000] {manager.py:726} INFO - Searching for files in /opt/airflow/dags
[2022-12-13T18:22:40.231+0000] {manager.py:729} INFO - There are 0 files in /opt/airflow/dags
[2022-12-13T18:27:40.906+0000] {manager.py:726} INFO - Searching for files in /opt/airflow/dags
[2022-12-13T18:27:40.907+0000] {manager.py:729} INFO - There are 0 files in /opt/airflow/dags
[2022-12-13T18:32:41.569+0000] {manager.py:726} INFO - Searching for files in /opt/airflow/dags
[2022-12-13T18:32:41.570+0000] {manager.py:729} INFO - There are 0 files in /opt/airflow/dags
[2022-12-13T18:37:42.250+0000] {manager.py:726} INFO - Searching for files in /opt/airflow/dags
[2022-12-13T18:37:42.251+0000] {manager.py:729} INFO - There are 0 files in /opt/airflow/dags
[2022-12-13T18:42:42.961+0000] {manager.py:726} INFO - Searching for files in /opt/airflow/dags
[2022-12-13T18:42:42.962+0000] {manager.py:729} INFO - There are 0 files in /opt/airflow/dags
[2022-12-13T18:47:43.643+0000] {manager.py:726} INFO - Searching for files in /opt/airflow/dags
[2022-12-13T18:47:43.644+0000] {manager.py:729} INFO - There are 0 files in /opt/airflow/dags
[2022-12-13T18:52:44.352+0000] {manager.py:726} INFO - Searching for files in /opt/airflow/dags
[2022-12-13T18:52:44.353+0000] {manager.py:729} INFO - There are 0 files in /opt/airflow/dags
[2022-12-13T18:57:45.072+0000] {manager.py:726} INFO - Searching for files in /opt/airflow/dags
[2022-12-13T18:57:45.073+0000] {manager.py:729} INFO - There are 0 files in /opt/airflow/dags
[2022-12-13T19:02:45.783+0000] {manager.py:726} INFO - Searching for files in /opt/airflow/dags
[2022-12-13T19:02:45.784+0000] {manager.py:729} INFO - There are 0 files in /opt/airflow/dags
[2022-12-13T19:07:46.523+0000] {manager.py:726} INFO - Searching for files in /opt/airflow/dags
[2022-12-13T19:07:46.524+0000] {manager.py:729} INFO - There are 0 files in /opt/airflow/dags
[2022-12-13T19:12:47.238+0000] {manager.py:726} INFO - Searching for files in /opt/airflow/dags
[2022-12-13T19:12:47.239+0000] {manager.py:729} INFO - There are 0 files in /opt/airflow/dags
[2022-12-13T19:17:47.964+0000] {manager.py:726} INFO - Searching for files in /opt/airflow/dags
[2022-12-13T19:17:47.965+0000] {manager.py:729} INFO - There are 0 files in /opt/airflow/dags
[2022-12-13T19:22:48.699+0000] {manager.py:726} INFO - Searching for files in /opt/airflow/dags
[2022-12-13T19:22:48.700+0000] {manager.py:729} INFO - There are 0 files in /opt/airflow/dags
[2022-12-13T19:27:49.400+0000] {manager.py:726} INFO - Searching for files in /opt/airflow/dags
[2022-12-13T19:27:49.401+0000] {manager.py:729} INFO - There are 0 files in /opt/airflow/dags
[2022-12-13T19:32:50.141+0000] {manager.py:726} INFO - Searching for files in /opt/airflow/dags
[2022-12-13T19:32:50.142+0000] {manager.py:729} INFO - There are 0 files in /opt/airflow/dags
[2022-12-13T19:37:50.879+0000] {manager.py:726} INFO - Searching for files in /opt/airflow/dags
[2022-12-13T19:37:50.880+0000] {manager.py:729} INFO - There are 0 files in /opt/airflow/dags
[2022-12-13T19:42:51.591+0000] {manager.py:726} INFO - Searching for files in /opt/airflow/dags
[2022-12-13T19:42:51.592+0000] {manager.py:729} INFO - There are 0 files in /opt/airflow/dags
[2022-12-13T19:47:52.417+0000] {manager.py:726} INFO - Searching for files in /opt/airflow/dags
[2022-12-13T19:47:52.418+0000] {manager.py:729} INFO - There are 0 files in /opt/airflow/dags
[2022-12-13T19:52:53.193+0000] {manager.py:726} INFO - Searching for files in /opt/airflow/dags
[2022-12-13T19:52:53.194+0000] {manager.py:729} INFO - There are 0 files in /opt/airflow/dags
[2022-12-13T19:57:53.936+0000] {manager.py:726} INFO - Searching for files in /opt/airflow/dags
[2022-12-13T19:57:53.937+0000] {manager.py:729} INFO - There are 0 files in /opt/airflow/dags
[2022-12-13T20:02:54.688+0000] {manager.py:726} INFO - Searching for files in /opt/airflow/dags
[2022-12-13T20:02:54.689+0000] {manager.py:729} INFO - There are 0 files in /opt/airflow/dags
[2022-12-13T20:07:55.419+0000] {manager.py:726} INFO - Searching for files in /opt/airflow/dags
[2022-12-13T20:07:55.420+0000] {manager.py:729} INFO - There are 0 files in /opt/airflow/dags
[2022-12-13T20:12:56.209+0000] {manager.py:726} INFO - Searching for files in /opt/airflow/dags
[2022-12-13T20:12:56.210+0000] {manager.py:729} INFO - There are 0 files in /opt/airflow/dags
[2022-12-13T20:17:56.965+0000] {manager.py:726} INFO - Searching for files in /opt/airflow/dags
[2022-12-13T20:17:56.966+0000] {manager.py:729} INFO - There are 0 files in /opt/airflow/dags
[2022-12-13T20:22:57.684+0000] {manager.py:726} INFO - Searching for files in /opt/airflow/dags
[2022-12-13T20:22:57.685+0000] {manager.py:729} INFO - There are 0 files in /opt/airflow/dags
[2022-12-13T20:27:58.406+0000] {manager.py:726} INFO - Searching for files in /opt/airflow/dags
[2022-12-13T20:27:58.407+0000] {manager.py:729} INFO - There are 0 files in /opt/airflow/dags
[2022-12-13T20:32:59.144+0000] {manager.py:726} INFO - Searching for files in /opt/airflow/dags
[2022-12-13T20:32:59.145+0000] {manager.py:729} INFO - There are 0 files in /opt/airflow/dags
[2022-12-13T21:50:52.634+0000] {manager.py:726} INFO - Searching for files in /opt/airflow/dags
[2022-12-13T21:50:52.635+0000] {manager.py:729} INFO - There are 0 files in /opt/airflow/dags
[2022-12-13T21:55:53.391+0000] {manager.py:726} INFO - Searching for files in /opt/airflow/dags
[2022-12-13T21:55:53.392+0000] {manager.py:729} INFO - There are 0 files in /opt/airflow/dags
[2022-12-13T22:00:54.136+0000] {manager.py:726} INFO - Searching for files in /opt/airflow/dags
[2022-12-13T22:00:54.137+0000] {manager.py:729} INFO - There are 0 files in /opt/airflow/dags
[2022-12-13T22:05:54.789+0000] {manager.py:726} INFO - Searching for files in /opt/airflow/dags
[2022-12-13T22:05:54.790+0000] {manager.py:729} INFO - There are 0 files in /opt/airflow/dags
[2022-12-13T22:10:55.520+0000] {manager.py:726} INFO - Searching for files in /opt/airflow/dags
[2022-12-13T22:10:55.521+0000] {manager.py:729} INFO - There are 0 files in /opt/airflow/dags
[2022-12-13T22:15:56.210+0000] {manager.py:726} INFO - Searching for files in /opt/airflow/dags
[2022-12-13T22:15:56.211+0000] {manager.py:729} INFO - There are 0 files in /opt/airflow/dags
[2022-12-13T22:20:56.875+0000] {manager.py:726} INFO - Searching for files in /opt/airflow/dags
[2022-12-13T22:20:56.876+0000] {manager.py:729} INFO - There are 0 files in /opt/airflow/dags
[2022-12-13T22:25:57.301+0000] {manager.py:726} INFO - Searching for files in /opt/airflow/dags
[2022-12-13T22:25:57.302+0000] {manager.py:729} INFO - There are 0 files in /opt/airflow/dags
[2022-12-13T22:30:57.931+0000] {manager.py:726} INFO - Searching for files in /opt/airflow/dags
[2022-12-13T22:30:57.932+0000] {manager.py:729} INFO - There are 0 files in /opt/airflow/dags
[2022-12-13T22:35:58.612+0000] {manager.py:726} INFO - Searching for files in /opt/airflow/dags
[2022-12-13T22:35:58.612+0000] {manager.py:729} INFO - There are 0 files in /opt/airflow/dags
[2022-12-13T22:40:59.189+0000] {manager.py:726} INFO - Searching for files in /opt/airflow/dags
[2022-12-13T22:40:59.190+0000] {manager.py:729} INFO - There are 0 files in /opt/airflow/dags
[2022-12-13T22:45:59.910+0000] {manager.py:726} INFO - Searching for files in /opt/airflow/dags
[2022-12-13T22:45:59.911+0000] {manager.py:729} INFO - There are 0 files in /opt/airflow/dags
[2022-12-13T22:51:00.579+0000] {manager.py:726} INFO - Searching for files in /opt/airflow/dags
[2022-12-13T22:51:00.580+0000] {manager.py:729} INFO - There are 0 files in /opt/airflow/dags
[2022-12-13T22:56:01.240+0000] {manager.py:726} INFO - Searching for files in /opt/airflow/dags
[2022-12-13T22:56:01.241+0000] {manager.py:729} INFO - There are 0 files in /opt/airflow/dags
[2022-12-13T23:01:01.927+0000] {manager.py:726} INFO - Searching for files in /opt/airflow/dags
[2022-12-13T23:01:01.928+0000] {manager.py:729} INFO - There are 0 files in /opt/airflow/dags
[2022-12-13T23:06:02.603+0000] {manager.py:726} INFO - Searching for files in /opt/airflow/dags
[2022-12-13T23:06:02.604+0000] {manager.py:729} INFO - There are 0 files in /opt/airflow/dags
[2022-12-13T23:11:03.227+0000] {manager.py:726} INFO - Searching for files in /opt/airflow/dags
[2022-12-13T23:11:03.227+0000] {manager.py:729} INFO - There are 0 files in /opt/airflow/dags
[2022-12-13T23:16:03.854+0000] {manager.py:726} INFO - Searching for files in /opt/airflow/dags
[2022-12-13T23:16:03.854+0000] {manager.py:729} INFO - There are 0 files in /opt/airflow/dags
[2022-12-13T23:21:04.437+0000] {manager.py:726} INFO - Searching for files in /opt/airflow/dags
[2022-12-13T23:21:04.438+0000] {manager.py:729} INFO - There are 0 files in /opt/airflow/dags
[2022-12-13T23:26:05.061+0000] {manager.py:726} INFO - Searching for files in /opt/airflow/dags
[2022-12-13T23:26:05.062+0000] {manager.py:729} INFO - There are 0 files in /opt/airflow/dags
[2022-12-13T23:31:05.661+0000] {manager.py:726} INFO - Searching for files in /opt/airflow/dags
[2022-12-13T23:31:05.662+0000] {manager.py:729} INFO - There are 0 files in /opt/airflow/dags
[2022-12-13T23:36:06.345+0000] {manager.py:726} INFO - Searching for files in /opt/airflow/dags
[2022-12-13T23:36:06.345+0000] {manager.py:729} INFO - There are 0 files in /opt/airflow/dags
[2022-12-13T23:42:31.713+0000] {manager.py:726} INFO - Searching for files in /opt/airflow/dags
[2022-12-13T23:42:31.714+0000] {manager.py:729} INFO - There are 0 files in /opt/airflow/dags
[2022-12-13T23:47:32.602+0000] {manager.py:726} INFO - Searching for files in /opt/airflow/dags
[2022-12-13T23:47:32.603+0000] {manager.py:729} INFO - There are 0 files in /opt/airflow/dags
[2022-12-13T23:52:33.410+0000] {manager.py:726} INFO - Searching for files in /opt/airflow/dags
[2022-12-13T23:52:33.411+0000] {manager.py:729} INFO - There are 0 files in /opt/airflow/dags
[2022-12-13T23:57:33.578+0000] {manager.py:726} INFO - Searching for files in /opt/airflow/dags
[2022-12-13T23:57:33.579+0000] {manager.py:729} INFO - There are 0 files in /opt/airflow/dags
[2022-12-14T00:02:34.530+0000] {manager.py:726} INFO - Searching for files in /opt/airflow/dags
[2022-12-14T00:02:34.531+0000] {manager.py:729} INFO - There are 0 files in /opt/airflow/dags
[2022-12-14T00:07:35.449+0000] {manager.py:726} INFO - Searching for files in /opt/airflow/dags
[2022-12-14T00:07:35.451+0000] {manager.py:729} INFO - There are 0 files in /opt/airflow/dags
[2022-12-14T00:12:35.664+0000] {manager.py:726} INFO - Searching for files in /opt/airflow/dags
[2022-12-14T00:12:35.667+0000] {manager.py:729} INFO - There are 0 files in /opt/airflow/dags
[2022-12-14T00:17:36.425+0000] {manager.py:726} INFO - Searching for files in /opt/airflow/dags
[2022-12-14T00:17:36.426+0000] {manager.py:729} INFO - There are 0 files in /opt/airflow/dags
[2022-12-14T00:22:37.131+0000] {manager.py:726} INFO - Searching for files in /opt/airflow/dags
[2022-12-14T00:22:37.132+0000] {manager.py:729} INFO - There are 0 files in /opt/airflow/dags
[2022-12-14T00:27:37.882+0000] {manager.py:726} INFO - Searching for files in /opt/airflow/dags
[2022-12-14T00:27:37.883+0000] {manager.py:729} INFO - There are 0 files in /opt/airflow/dags
[2022-12-14T00:32:38.577+0000] {manager.py:726} INFO - Searching for files in /opt/airflow/dags
[2022-12-14T00:32:38.578+0000] {manager.py:729} INFO - There are 0 files in /opt/airflow/dags
[2022-12-14T00:37:39.297+0000] {manager.py:726} INFO - Searching for files in /opt/airflow/dags
[2022-12-14T00:37:39.298+0000] {manager.py:729} INFO - There are 0 files in /opt/airflow/dags
[2022-12-14T00:42:39.992+0000] {manager.py:726} INFO - Searching for files in /opt/airflow/dags
[2022-12-14T00:42:39.993+0000] {manager.py:729} INFO - There are 0 files in /opt/airflow/dags
[2022-12-14T00:47:40.721+0000] {manager.py:726} INFO - Searching for files in /opt/airflow/dags
[2022-12-14T00:47:40.722+0000] {manager.py:729} INFO - There are 0 files in /opt/airflow/dags
[2022-12-14T00:52:41.444+0000] {manager.py:726} INFO - Searching for files in /opt/airflow/dags
[2022-12-14T00:52:41.445+0000] {manager.py:729} INFO - There are 0 files in /opt/airflow/dags
[2022-12-14T00:57:42.148+0000] {manager.py:726} INFO - Searching for files in /opt/airflow/dags
[2022-12-14T00:57:42.149+0000] {manager.py:729} INFO - There are 0 files in /opt/airflow/dags
[2022-12-14T01:02:42.875+0000] {manager.py:726} INFO - Searching for files in /opt/airflow/dags
[2022-12-14T01:02:42.876+0000] {manager.py:729} INFO - There are 0 files in /opt/airflow/dags
[2022-12-14T01:07:43.580+0000] {manager.py:726} INFO - Searching for files in /opt/airflow/dags
[2022-12-14T01:07:43.581+0000] {manager.py:729} INFO - There are 0 files in /opt/airflow/dags
[2022-12-14T01:12:44.285+0000] {manager.py:726} INFO - Searching for files in /opt/airflow/dags
[2022-12-14T01:12:44.286+0000] {manager.py:729} INFO - There are 0 files in /opt/airflow/dags
[2022-12-14T01:17:44.991+0000] {manager.py:726} INFO - Searching for files in /opt/airflow/dags
[2022-12-14T01:17:44.992+0000] {manager.py:729} INFO - There are 0 files in /opt/airflow/dags
[2022-12-14T01:22:45.714+0000] {manager.py:726} INFO - Searching for files in /opt/airflow/dags
[2022-12-14T01:22:45.715+0000] {manager.py:729} INFO - There are 0 files in /opt/airflow/dags
[2022-12-14T01:27:46.440+0000] {manager.py:726} INFO - Searching for files in /opt/airflow/dags
[2022-12-14T01:27:46.441+0000] {manager.py:729} INFO - There are 0 files in /opt/airflow/dags
[2022-12-14T01:32:47.137+0000] {manager.py:726} INFO - Searching for files in /opt/airflow/dags
[2022-12-14T01:32:47.138+0000] {manager.py:729} INFO - There are 0 files in /opt/airflow/dags
[2022-12-14T01:37:47.916+0000] {manager.py:726} INFO - Searching for files in /opt/airflow/dags
[2022-12-14T01:37:47.916+0000] {manager.py:729} INFO - There are 0 files in /opt/airflow/dags
[2022-12-14T01:42:48.609+0000] {manager.py:726} INFO - Searching for files in /opt/airflow/dags
[2022-12-14T01:42:48.611+0000] {manager.py:729} INFO - There are 0 files in /opt/airflow/dags
[2022-12-14T01:47:49.418+0000] {manager.py:726} INFO - Searching for files in /opt/airflow/dags
[2022-12-14T01:47:49.419+0000] {manager.py:729} INFO - There are 0 files in /opt/airflow/dags
[2022-12-14T01:52:50.144+0000] {manager.py:726} INFO - Searching for files in /opt/airflow/dags
[2022-12-14T01:52:50.145+0000] {manager.py:729} INFO - There are 0 files in /opt/airflow/dags
[2022-12-14T01:57:50.857+0000] {manager.py:726} INFO - Searching for files in /opt/airflow/dags
[2022-12-14T01:57:50.858+0000] {manager.py:729} INFO - There are 0 files in /opt/airflow/dags
[2022-12-14T02:02:51.552+0000] {manager.py:726} INFO - Searching for files in /opt/airflow/dags
[2022-12-14T02:02:51.553+0000] {manager.py:729} INFO - There are 0 files in /opt/airflow/dags
[2022-12-14T02:07:52.272+0000] {manager.py:726} INFO - Searching for files in /opt/airflow/dags
[2022-12-14T02:07:52.273+0000] {manager.py:729} INFO - There are 0 files in /opt/airflow/dags
[2022-12-14T02:12:52.961+0000] {manager.py:726} INFO - Searching for files in /opt/airflow/dags
[2022-12-14T02:12:52.962+0000] {manager.py:729} INFO - There are 0 files in /opt/airflow/dags
[2022-12-14T02:17:53.655+0000] {manager.py:726} INFO - Searching for files in /opt/airflow/dags
[2022-12-14T02:17:53.656+0000] {manager.py:729} INFO - There are 0 files in /opt/airflow/dags
[2022-12-14T02:22:54.364+0000] {manager.py:726} INFO - Searching for files in /opt/airflow/dags
[2022-12-14T02:22:54.364+0000] {manager.py:729} INFO - There are 0 files in /opt/airflow/dags
[2022-12-14T02:27:55.083+0000] {manager.py:726} INFO - Searching for files in /opt/airflow/dags
[2022-12-14T02:27:55.084+0000] {manager.py:729} INFO - There are 0 files in /opt/airflow/dags
[2022-12-14T02:32:55.836+0000] {manager.py:726} INFO - Searching for files in /opt/airflow/dags
[2022-12-14T02:32:55.837+0000] {manager.py:729} INFO - There are 0 files in /opt/airflow/dags
[2022-12-14T02:37:56.543+0000] {manager.py:726} INFO - Searching for files in /opt/airflow/dags
[2022-12-14T02:37:56.543+0000] {manager.py:729} INFO - There are 0 files in /opt/airflow/dags
[2022-12-14T02:42:57.257+0000] {manager.py:726} INFO - Searching for files in /opt/airflow/dags
[2022-12-14T02:42:57.258+0000] {manager.py:729} INFO - There are 0 files in /opt/airflow/dags
[2022-12-14T02:47:57.957+0000] {manager.py:726} INFO - Searching for files in /opt/airflow/dags
[2022-12-14T02:47:57.958+0000] {manager.py:729} INFO - There are 0 files in /opt/airflow/dags
[2022-12-14T02:52:58.653+0000] {manager.py:726} INFO - Searching for files in /opt/airflow/dags
[2022-12-14T02:52:58.654+0000] {manager.py:729} INFO - There are 0 files in /opt/airflow/dags
[2022-12-14T02:57:59.395+0000] {manager.py:726} INFO - Searching for files in /opt/airflow/dags
[2022-12-14T02:57:59.396+0000] {manager.py:729} INFO - There are 0 files in /opt/airflow/dags
[2022-12-14T03:03:00.099+0000] {manager.py:726} INFO - Searching for files in /opt/airflow/dags
[2022-12-14T03:03:00.100+0000] {manager.py:729} INFO - There are 0 files in /opt/airflow/dags
[2022-12-14T03:08:00.831+0000] {manager.py:726} INFO - Searching for files in /opt/airflow/dags
[2022-12-14T03:08:00.832+0000] {manager.py:729} INFO - There are 0 files in /opt/airflow/dags
[2022-12-14T03:13:01.520+0000] {manager.py:726} INFO - Searching for files in /opt/airflow/dags
[2022-12-14T03:13:01.521+0000] {manager.py:729} INFO - There are 0 files in /opt/airflow/dags
[2022-12-14T03:18:02.223+0000] {manager.py:726} INFO - Searching for files in /opt/airflow/dags
[2022-12-14T03:18:02.224+0000] {manager.py:729} INFO - There are 0 files in /opt/airflow/dags
[2022-12-14T03:27:14.604+0000] {manager.py:726} INFO - Searching for files in /opt/airflow/dags
[2022-12-14T03:27:14.606+0000] {manager.py:729} INFO - There are 0 files in /opt/airflow/dags
[2022-12-14T03:32:15.336+0000] {manager.py:726} INFO - Searching for files in /opt/airflow/dags
[2022-12-14T03:32:15.337+0000] {manager.py:729} INFO - There are 0 files in /opt/airflow/dags
[2022-12-14T03:37:16.037+0000] {manager.py:726} INFO - Searching for files in /opt/airflow/dags
[2022-12-14T03:37:16.038+0000] {manager.py:729} INFO - There are 0 files in /opt/airflow/dags
[2022-12-14T03:42:16.838+0000] {manager.py:726} INFO - Searching for files in /opt/airflow/dags
[2022-12-14T03:42:16.839+0000] {manager.py:729} INFO - There are 0 files in /opt/airflow/dags
[2022-12-14T03:47:17.596+0000] {manager.py:726} INFO - Searching for files in /opt/airflow/dags
[2022-12-14T03:47:17.597+0000] {manager.py:729} INFO - There are 0 files in /opt/airflow/dags
[2022-12-14T12:29:09.236+0000] {manager.py:483} INFO - Processing files using up to 2 processes at a time 
[2022-12-14T12:29:09.239+0000] {manager.py:484} INFO - Process each file at most once every 30 seconds
[2022-12-14T12:29:09.239+0000] {manager.py:486} INFO - Checking for new files in /opt/airflow/dags every 300 seconds
[2022-12-14T12:29:09.239+0000] {manager.py:726} INFO - Searching for files in /opt/airflow/dags
[2022-12-14T12:29:09.240+0000] {manager.py:729} INFO - There are 0 files in /opt/airflow/dags
[2022-12-14T12:34:10.053+0000] {manager.py:726} INFO - Searching for files in /opt/airflow/dags
[2022-12-14T12:34:10.054+0000] {manager.py:729} INFO - There are 0 files in /opt/airflow/dags
[2022-12-14T12:39:10.692+0000] {manager.py:726} INFO - Searching for files in /opt/airflow/dags
[2022-12-14T12:39:10.693+0000] {manager.py:729} INFO - There are 0 files in /opt/airflow/dags
[2022-12-14T12:44:11.391+0000] {manager.py:726} INFO - Searching for files in /opt/airflow/dags
[2022-12-14T12:44:11.392+0000] {manager.py:729} INFO - There are 0 files in /opt/airflow/dags
[2022-12-14T12:49:12.014+0000] {manager.py:726} INFO - Searching for files in /opt/airflow/dags
[2022-12-14T12:49:12.014+0000] {manager.py:729} INFO - There are 0 files in /opt/airflow/dags
[2022-12-14T12:54:12.885+0000] {manager.py:726} INFO - Searching for files in /opt/airflow/dags
[2022-12-14T12:54:12.885+0000] {manager.py:729} INFO - There are 0 files in /opt/airflow/dags
[2022-12-14T12:59:13.708+0000] {manager.py:726} INFO - Searching for files in /opt/airflow/dags
[2022-12-14T12:59:13.709+0000] {manager.py:729} INFO - There are 0 files in /opt/airflow/dags
[2022-12-14T13:04:14.413+0000] {manager.py:726} INFO - Searching for files in /opt/airflow/dags
[2022-12-14T13:04:14.414+0000] {manager.py:729} INFO - There are 0 files in /opt/airflow/dags
[2022-12-14T13:09:15.095+0000] {manager.py:726} INFO - Searching for files in /opt/airflow/dags
[2022-12-14T13:09:15.096+0000] {manager.py:729} INFO - There are 0 files in /opt/airflow/dags
[2022-12-14T13:14:16.009+0000] {manager.py:726} INFO - Searching for files in /opt/airflow/dags
[2022-12-14T13:14:16.010+0000] {manager.py:729} INFO - There are 0 files in /opt/airflow/dags
[2022-12-14T13:19:16.633+0000] {manager.py:726} INFO - Searching for files in /opt/airflow/dags
[2022-12-14T13:19:16.634+0000] {manager.py:729} INFO - There are 0 files in /opt/airflow/dags
[2022-12-14T13:24:17.356+0000] {manager.py:726} INFO - Searching for files in /opt/airflow/dags
[2022-12-14T13:24:17.357+0000] {manager.py:729} INFO - There are 0 files in /opt/airflow/dags
[2022-12-14T13:29:18.012+0000] {manager.py:726} INFO - Searching for files in /opt/airflow/dags
[2022-12-14T13:29:18.013+0000] {manager.py:729} INFO - There are 0 files in /opt/airflow/dags
[2022-12-14T13:34:18.702+0000] {manager.py:726} INFO - Searching for files in /opt/airflow/dags
[2022-12-14T13:34:18.703+0000] {manager.py:729} INFO - There are 0 files in /opt/airflow/dags
[2022-12-14T13:39:19.351+0000] {manager.py:726} INFO - Searching for files in /opt/airflow/dags
[2022-12-14T13:39:19.352+0000] {manager.py:729} INFO - There are 0 files in /opt/airflow/dags
[2022-12-14T13:44:20.003+0000] {manager.py:726} INFO - Searching for files in /opt/airflow/dags
[2022-12-14T13:44:20.004+0000] {manager.py:729} INFO - There are 0 files in /opt/airflow/dags
[2022-12-14T13:49:20.694+0000] {manager.py:726} INFO - Searching for files in /opt/airflow/dags
[2022-12-14T13:49:20.695+0000] {manager.py:729} INFO - There are 0 files in /opt/airflow/dags
[2022-12-14T13:54:21.385+0000] {manager.py:726} INFO - Searching for files in /opt/airflow/dags
[2022-12-14T13:54:21.386+0000] {manager.py:729} INFO - There are 0 files in /opt/airflow/dags
[2022-12-14T13:59:22.245+0000] {manager.py:726} INFO - Searching for files in /opt/airflow/dags
[2022-12-14T13:59:22.246+0000] {manager.py:729} INFO - There are 0 files in /opt/airflow/dags
[2022-12-14T14:04:23.047+0000] {manager.py:726} INFO - Searching for files in /opt/airflow/dags
[2022-12-14T14:04:23.048+0000] {manager.py:729} INFO - There are 0 files in /opt/airflow/dags
[2022-12-14T14:09:23.829+0000] {manager.py:726} INFO - Searching for files in /opt/airflow/dags
[2022-12-14T14:09:23.830+0000] {manager.py:729} INFO - There are 0 files in /opt/airflow/dags
[2022-12-14T14:14:24.493+0000] {manager.py:726} INFO - Searching for files in /opt/airflow/dags
[2022-12-14T14:14:24.494+0000] {manager.py:729} INFO - There are 0 files in /opt/airflow/dags
[2022-12-14T14:19:25.269+0000] {manager.py:726} INFO - Searching for files in /opt/airflow/dags
[2022-12-14T14:19:25.270+0000] {manager.py:729} INFO - There are 0 files in /opt/airflow/dags
[2022-12-14T14:24:25.985+0000] {manager.py:726} INFO - Searching for files in /opt/airflow/dags
[2022-12-14T14:24:25.986+0000] {manager.py:729} INFO - There are 0 files in /opt/airflow/dags
[2022-12-14T14:29:26.676+0000] {manager.py:726} INFO - Searching for files in /opt/airflow/dags
[2022-12-14T14:29:26.677+0000] {manager.py:729} INFO - There are 0 files in /opt/airflow/dags
[2022-12-14T14:34:27.302+0000] {manager.py:726} INFO - Searching for files in /opt/airflow/dags
[2022-12-14T14:34:27.303+0000] {manager.py:729} INFO - There are 0 files in /opt/airflow/dags
[2022-12-14T14:39:27.946+0000] {manager.py:726} INFO - Searching for files in /opt/airflow/dags
[2022-12-14T14:39:27.947+0000] {manager.py:729} INFO - There are 0 files in /opt/airflow/dags
[2022-12-14T14:44:28.644+0000] {manager.py:726} INFO - Searching for files in /opt/airflow/dags
[2022-12-14T14:44:28.645+0000] {manager.py:729} INFO - There are 0 files in /opt/airflow/dags
[2022-12-14T14:49:29.274+0000] {manager.py:726} INFO - Searching for files in /opt/airflow/dags
[2022-12-14T14:49:29.276+0000] {manager.py:729} INFO - There are 0 files in /opt/airflow/dags
[2022-12-14T14:54:29.906+0000] {manager.py:726} INFO - Searching for files in /opt/airflow/dags
[2022-12-14T14:54:29.907+0000] {manager.py:729} INFO - There are 0 files in /opt/airflow/dags
[2022-12-14T14:59:30.619+0000] {manager.py:726} INFO - Searching for files in /opt/airflow/dags
[2022-12-14T14:59:30.620+0000] {manager.py:729} INFO - There are 0 files in /opt/airflow/dags
[2022-12-14T15:04:31.545+0000] {manager.py:726} INFO - Searching for files in /opt/airflow/dags
[2022-12-14T15:04:31.546+0000] {manager.py:729} INFO - There are 0 files in /opt/airflow/dags
[2022-12-14T15:09:32.223+0000] {manager.py:726} INFO - Searching for files in /opt/airflow/dags
[2022-12-14T15:09:32.224+0000] {manager.py:729} INFO - There are 0 files in /opt/airflow/dags
[2022-12-14T15:14:32.896+0000] {manager.py:726} INFO - Searching for files in /opt/airflow/dags
[2022-12-14T15:14:32.897+0000] {manager.py:729} INFO - There are 0 files in /opt/airflow/dags
[2022-12-14T15:19:33.565+0000] {manager.py:726} INFO - Searching for files in /opt/airflow/dags
[2022-12-14T15:19:33.566+0000] {manager.py:729} INFO - There are 0 files in /opt/airflow/dags
[2022-12-14T15:24:34.449+0000] {manager.py:726} INFO - Searching for files in /opt/airflow/dags
[2022-12-14T15:24:34.450+0000] {manager.py:729} INFO - There are 0 files in /opt/airflow/dags
[2022-12-14T15:29:35.090+0000] {manager.py:726} INFO - Searching for files in /opt/airflow/dags
[2022-12-14T15:29:35.091+0000] {manager.py:729} INFO - There are 0 files in /opt/airflow/dags
[2022-12-14T15:34:35.728+0000] {manager.py:726} INFO - Searching for files in /opt/airflow/dags
[2022-12-14T15:34:35.729+0000] {manager.py:729} INFO - There are 0 files in /opt/airflow/dags
[2022-12-14T15:39:36.522+0000] {manager.py:726} INFO - Searching for files in /opt/airflow/dags
[2022-12-14T15:39:36.523+0000] {manager.py:729} INFO - There are 0 files in /opt/airflow/dags
[2022-12-14T15:44:37.163+0000] {manager.py:726} INFO - Searching for files in /opt/airflow/dags
[2022-12-14T15:44:37.165+0000] {manager.py:729} INFO - There are 0 files in /opt/airflow/dags
[2022-12-14T15:49:37.849+0000] {manager.py:726} INFO - Searching for files in /opt/airflow/dags
[2022-12-14T15:49:37.849+0000] {manager.py:729} INFO - There are 0 files in /opt/airflow/dags
[2022-12-14T15:54:38.542+0000] {manager.py:726} INFO - Searching for files in /opt/airflow/dags
[2022-12-14T15:54:38.544+0000] {manager.py:729} INFO - There are 0 files in /opt/airflow/dags
[2022-12-14T15:59:39.261+0000] {manager.py:726} INFO - Searching for files in /opt/airflow/dags
[2022-12-14T15:59:39.266+0000] {manager.py:729} INFO - There are 0 files in /opt/airflow/dags
[2022-12-14T16:04:40.142+0000] {manager.py:726} INFO - Searching for files in /opt/airflow/dags
[2022-12-14T16:04:40.151+0000] {manager.py:729} INFO - There are 0 files in /opt/airflow/dags
[2022-12-14T16:09:40.288+0000] {manager.py:726} INFO - Searching for files in /opt/airflow/dags
[2022-12-14T16:09:40.289+0000] {manager.py:729} INFO - There are 0 files in /opt/airflow/dags
[2022-12-14T16:14:41.145+0000] {manager.py:726} INFO - Searching for files in /opt/airflow/dags
[2022-12-14T16:14:41.146+0000] {manager.py:729} INFO - There are 0 files in /opt/airflow/dags
[2022-12-14T16:19:41.767+0000] {manager.py:726} INFO - Searching for files in /opt/airflow/dags
[2022-12-14T16:19:41.768+0000] {manager.py:729} INFO - There are 0 files in /opt/airflow/dags
[2022-12-14T16:24:42.537+0000] {manager.py:726} INFO - Searching for files in /opt/airflow/dags
[2022-12-14T16:24:42.538+0000] {manager.py:729} INFO - There are 0 files in /opt/airflow/dags
[2022-12-14T16:29:43.215+0000] {manager.py:726} INFO - Searching for files in /opt/airflow/dags
[2022-12-14T16:29:43.216+0000] {manager.py:729} INFO - There are 0 files in /opt/airflow/dags
[2022-12-14T16:34:43.854+0000] {manager.py:726} INFO - Searching for files in /opt/airflow/dags
[2022-12-14T16:34:43.855+0000] {manager.py:729} INFO - There are 0 files in /opt/airflow/dags
[2022-12-14T16:39:44.461+0000] {manager.py:726} INFO - Searching for files in /opt/airflow/dags
[2022-12-14T16:39:44.462+0000] {manager.py:729} INFO - There are 0 files in /opt/airflow/dags
[2022-12-14T16:44:45.256+0000] {manager.py:726} INFO - Searching for files in /opt/airflow/dags
[2022-12-14T16:44:45.257+0000] {manager.py:729} INFO - There are 0 files in /opt/airflow/dags
[2022-12-14T16:49:45.853+0000] {manager.py:726} INFO - Searching for files in /opt/airflow/dags
[2022-12-14T16:49:45.854+0000] {manager.py:729} INFO - There are 0 files in /opt/airflow/dags
[2022-12-14T16:54:46.551+0000] {manager.py:726} INFO - Searching for files in /opt/airflow/dags
[2022-12-14T16:54:46.552+0000] {manager.py:729} INFO - There are 0 files in /opt/airflow/dags
[2022-12-14T16:59:47.275+0000] {manager.py:726} INFO - Searching for files in /opt/airflow/dags
[2022-12-14T16:59:47.275+0000] {manager.py:729} INFO - There are 0 files in /opt/airflow/dags
[2022-12-14T17:04:47.992+0000] {manager.py:726} INFO - Searching for files in /opt/airflow/dags
[2022-12-14T17:04:47.993+0000] {manager.py:729} INFO - There are 0 files in /opt/airflow/dags
[2022-12-14T17:09:48.758+0000] {manager.py:726} INFO - Searching for files in /opt/airflow/dags
[2022-12-14T17:09:48.759+0000] {manager.py:729} INFO - There are 0 files in /opt/airflow/dags
[2022-12-14T18:45:21.491+0000] {manager.py:483} INFO - Processing files using up to 2 processes at a time 
[2022-12-14T18:45:21.514+0000] {manager.py:484} INFO - Process each file at most once every 30 seconds
[2022-12-14T18:45:21.515+0000] {manager.py:486} INFO - Checking for new files in /opt/airflow/dags every 300 seconds
[2022-12-14T18:45:21.515+0000] {manager.py:726} INFO - Searching for files in /opt/airflow/dags
[2022-12-14T18:45:21.518+0000] {manager.py:729} INFO - There are 0 files in /opt/airflow/dags
[2022-12-14T18:50:22.093+0000] {manager.py:726} INFO - Searching for files in /opt/airflow/dags
[2022-12-14T18:50:22.095+0000] {manager.py:729} INFO - There are 0 files in /opt/airflow/dags
[2022-12-14T18:54:23.931+0000] {manager.py:465} INFO - Exiting gracefully upon receiving signal 15
[2022-12-15T12:50:13.965+0000] {manager.py:483} INFO - Processing files using up to 2 processes at a time 
[2022-12-15T12:50:13.976+0000] {manager.py:484} INFO - Process each file at most once every 30 seconds
[2022-12-15T12:50:13.976+0000] {manager.py:486} INFO - Checking for new files in /opt/airflow/dags every 300 seconds
[2022-12-15T12:50:13.977+0000] {manager.py:726} INFO - Searching for files in /opt/airflow/dags
[2022-12-15T12:50:13.994+0000] {manager.py:729} INFO - There are 0 files in /opt/airflow/dags
[2022-12-15T12:55:14.148+0000] {manager.py:726} INFO - Searching for files in /opt/airflow/dags
[2022-12-15T12:55:14.149+0000] {manager.py:729} INFO - There are 0 files in /opt/airflow/dags
[2022-12-15T13:00:14.809+0000] {manager.py:726} INFO - Searching for files in /opt/airflow/dags
[2022-12-15T13:00:14.810+0000] {manager.py:729} INFO - There are 0 files in /opt/airflow/dags
[2022-12-15T13:05:15.490+0000] {manager.py:726} INFO - Searching for files in /opt/airflow/dags
[2022-12-15T13:05:15.491+0000] {manager.py:729} INFO - There are 0 files in /opt/airflow/dags
[2022-12-15T13:10:16.148+0000] {manager.py:726} INFO - Searching for files in /opt/airflow/dags
[2022-12-15T13:10:16.149+0000] {manager.py:729} INFO - There are 0 files in /opt/airflow/dags
[2022-12-15T13:15:16.805+0000] {manager.py:726} INFO - Searching for files in /opt/airflow/dags
[2022-12-15T13:15:16.806+0000] {manager.py:729} INFO - There are 0 files in /opt/airflow/dags
[2022-12-15T13:20:17.453+0000] {manager.py:726} INFO - Searching for files in /opt/airflow/dags
[2022-12-15T13:20:17.454+0000] {manager.py:729} INFO - There are 0 files in /opt/airflow/dags
[2022-12-15T13:25:18.172+0000] {manager.py:726} INFO - Searching for files in /opt/airflow/dags
[2022-12-15T13:25:18.173+0000] {manager.py:729} INFO - There are 0 files in /opt/airflow/dags
[2022-12-15T13:30:18.906+0000] {manager.py:726} INFO - Searching for files in /opt/airflow/dags
[2022-12-15T13:30:18.908+0000] {manager.py:729} INFO - There are 0 files in /opt/airflow/dags
[2022-12-15T13:35:19.779+0000] {manager.py:726} INFO - Searching for files in /opt/airflow/dags
[2022-12-15T13:35:19.780+0000] {manager.py:729} INFO - There are 0 files in /opt/airflow/dags
[2022-12-15T13:40:20.485+0000] {manager.py:726} INFO - Searching for files in /opt/airflow/dags
[2022-12-15T13:40:20.486+0000] {manager.py:729} INFO - There are 0 files in /opt/airflow/dags
[2022-12-15T13:45:21.216+0000] {manager.py:726} INFO - Searching for files in /opt/airflow/dags
[2022-12-15T13:45:21.217+0000] {manager.py:729} INFO - There are 0 files in /opt/airflow/dags
[2022-12-15T13:50:21.909+0000] {manager.py:726} INFO - Searching for files in /opt/airflow/dags
[2022-12-15T13:50:21.910+0000] {manager.py:729} INFO - There are 0 files in /opt/airflow/dags
[2022-12-15T13:55:22.602+0000] {manager.py:726} INFO - Searching for files in /opt/airflow/dags
[2022-12-15T13:55:22.603+0000] {manager.py:729} INFO - There are 0 files in /opt/airflow/dags
[2022-12-15T14:00:23.469+0000] {manager.py:726} INFO - Searching for files in /opt/airflow/dags
[2022-12-15T14:00:23.470+0000] {manager.py:729} INFO - There are 0 files in /opt/airflow/dags
[2022-12-15T14:05:23.591+0000] {manager.py:726} INFO - Searching for files in /opt/airflow/dags
[2022-12-15T14:05:23.592+0000] {manager.py:729} INFO - There are 0 files in /opt/airflow/dags
[2022-12-15T14:10:23.686+0000] {manager.py:726} INFO - Searching for files in /opt/airflow/dags
[2022-12-15T14:10:23.687+0000] {manager.py:729} INFO - There are 0 files in /opt/airflow/dags
[2022-12-15T14:15:23.913+0000] {manager.py:726} INFO - Searching for files in /opt/airflow/dags
[2022-12-15T14:15:23.914+0000] {manager.py:729} INFO - There are 0 files in /opt/airflow/dags
[2022-12-15T14:20:24.628+0000] {manager.py:726} INFO - Searching for files in /opt/airflow/dags
[2022-12-15T14:20:24.629+0000] {manager.py:729} INFO - There are 0 files in /opt/airflow/dags
[2022-12-15T14:25:25.335+0000] {manager.py:726} INFO - Searching for files in /opt/airflow/dags
[2022-12-15T14:25:25.336+0000] {manager.py:729} INFO - There are 0 files in /opt/airflow/dags
[2022-12-15T14:30:26.066+0000] {manager.py:726} INFO - Searching for files in /opt/airflow/dags
[2022-12-15T14:30:26.067+0000] {manager.py:729} INFO - There are 0 files in /opt/airflow/dags
[2022-12-15T14:35:26.782+0000] {manager.py:726} INFO - Searching for files in /opt/airflow/dags
[2022-12-15T14:35:26.783+0000] {manager.py:729} INFO - There are 0 files in /opt/airflow/dags
[2022-12-15T14:40:27.496+0000] {manager.py:726} INFO - Searching for files in /opt/airflow/dags
[2022-12-15T14:40:27.497+0000] {manager.py:729} INFO - There are 0 files in /opt/airflow/dags
[2022-12-15T14:45:28.231+0000] {manager.py:726} INFO - Searching for files in /opt/airflow/dags
[2022-12-15T14:45:28.232+0000] {manager.py:729} INFO - There are 0 files in /opt/airflow/dags
[2022-12-15T14:50:28.529+0000] {manager.py:726} INFO - Searching for files in /opt/airflow/dags
[2022-12-15T14:50:28.530+0000] {manager.py:729} INFO - There are 0 files in /opt/airflow/dags
[2022-12-15T14:56:59.923+0000] {manager.py:726} INFO - Searching for files in /opt/airflow/dags
[2022-12-15T14:56:59.924+0000] {manager.py:729} INFO - There are 0 files in /opt/airflow/dags
[2022-12-15T15:01:59.958+0000] {manager.py:726} INFO - Searching for files in /opt/airflow/dags
[2022-12-15T15:01:59.959+0000] {manager.py:729} INFO - There are 0 files in /opt/airflow/dags
[2022-12-15T15:07:00.700+0000] {manager.py:726} INFO - Searching for files in /opt/airflow/dags
[2022-12-15T15:07:00.701+0000] {manager.py:729} INFO - There are 0 files in /opt/airflow/dags
[2022-12-15T16:14:48.822+0000] {manager.py:726} INFO - Searching for files in /opt/airflow/dags
[2022-12-15T16:14:48.825+0000] {manager.py:729} INFO - There are 0 files in /opt/airflow/dags
[2022-12-15T16:19:49.578+0000] {manager.py:726} INFO - Searching for files in /opt/airflow/dags
[2022-12-15T16:19:49.579+0000] {manager.py:729} INFO - There are 0 files in /opt/airflow/dags
[2022-12-15T16:24:50.301+0000] {manager.py:726} INFO - Searching for files in /opt/airflow/dags
[2022-12-15T16:24:50.302+0000] {manager.py:729} INFO - There are 0 files in /opt/airflow/dags
[2022-12-15T16:29:50.935+0000] {manager.py:726} INFO - Searching for files in /opt/airflow/dags
[2022-12-15T16:29:50.936+0000] {manager.py:729} INFO - There are 0 files in /opt/airflow/dags
[2022-12-15T16:34:51.123+0000] {manager.py:726} INFO - Searching for files in /opt/airflow/dags
[2022-12-15T16:34:51.124+0000] {manager.py:729} INFO - There are 0 files in /opt/airflow/dags
[2022-12-15T16:39:51.828+0000] {manager.py:726} INFO - Searching for files in /opt/airflow/dags
[2022-12-15T16:39:51.829+0000] {manager.py:729} INFO - There are 0 files in /opt/airflow/dags
[2022-12-15T16:44:52.574+0000] {manager.py:726} INFO - Searching for files in /opt/airflow/dags
[2022-12-15T16:44:52.575+0000] {manager.py:729} INFO - There are 0 files in /opt/airflow/dags
[2022-12-15T16:49:53.247+0000] {manager.py:726} INFO - Searching for files in /opt/airflow/dags
[2022-12-15T16:49:53.248+0000] {manager.py:729} INFO - There are 0 files in /opt/airflow/dags
[2022-12-15T16:54:53.925+0000] {manager.py:726} INFO - Searching for files in /opt/airflow/dags
[2022-12-15T16:54:53.926+0000] {manager.py:729} INFO - There are 0 files in /opt/airflow/dags
[2022-12-15T16:59:53.955+0000] {manager.py:726} INFO - Searching for files in /opt/airflow/dags
[2022-12-15T16:59:53.956+0000] {manager.py:729} INFO - There are 0 files in /opt/airflow/dags
[2022-12-15T17:04:54.659+0000] {manager.py:726} INFO - Searching for files in /opt/airflow/dags
[2022-12-15T17:04:54.660+0000] {manager.py:729} INFO - There are 0 files in /opt/airflow/dags
[2022-12-15T17:09:55.445+0000] {manager.py:726} INFO - Searching for files in /opt/airflow/dags
[2022-12-15T17:09:55.446+0000] {manager.py:729} INFO - There are 0 files in /opt/airflow/dags
[2022-12-15T17:14:56.170+0000] {manager.py:726} INFO - Searching for files in /opt/airflow/dags
[2022-12-15T17:14:56.171+0000] {manager.py:729} INFO - There are 0 files in /opt/airflow/dags
[2022-12-15T17:19:56.862+0000] {manager.py:726} INFO - Searching for files in /opt/airflow/dags
[2022-12-15T17:19:56.863+0000] {manager.py:729} INFO - There are 0 files in /opt/airflow/dags
[2022-12-15T20:28:03.761+0000] {manager.py:726} INFO - Searching for files in /opt/airflow/dags
[2022-12-15T20:28:03.763+0000] {manager.py:729} INFO - There are 0 files in /opt/airflow/dags
[2022-12-15T20:33:04.479+0000] {manager.py:726} INFO - Searching for files in /opt/airflow/dags
[2022-12-15T20:33:04.480+0000] {manager.py:729} INFO - There are 0 files in /opt/airflow/dags
[2022-12-15T20:38:04.490+0000] {manager.py:726} INFO - Searching for files in /opt/airflow/dags
[2022-12-15T20:38:04.492+0000] {manager.py:729} INFO - There are 0 files in /opt/airflow/dags
[2022-12-15T20:43:04.952+0000] {manager.py:726} INFO - Searching for files in /opt/airflow/dags
[2022-12-15T20:43:04.953+0000] {manager.py:729} INFO - There are 0 files in /opt/airflow/dags
[2022-12-15T20:48:05.272+0000] {manager.py:726} INFO - Searching for files in /opt/airflow/dags
[2022-12-15T20:48:05.273+0000] {manager.py:729} INFO - There are 0 files in /opt/airflow/dags
[2022-12-15T20:53:06.028+0000] {manager.py:726} INFO - Searching for files in /opt/airflow/dags
[2022-12-15T20:53:06.029+0000] {manager.py:729} INFO - There are 0 files in /opt/airflow/dags
[2022-12-15T20:58:06.682+0000] {manager.py:726} INFO - Searching for files in /opt/airflow/dags
[2022-12-15T20:58:06.683+0000] {manager.py:729} INFO - There are 0 files in /opt/airflow/dags
[2022-12-15T21:03:07.062+0000] {manager.py:726} INFO - Searching for files in /opt/airflow/dags
[2022-12-15T21:03:07.063+0000] {manager.py:729} INFO - There are 0 files in /opt/airflow/dags
[2022-12-15T21:08:07.743+0000] {manager.py:726} INFO - Searching for files in /opt/airflow/dags
[2022-12-15T21:08:07.743+0000] {manager.py:729} INFO - There are 0 files in /opt/airflow/dags
[2022-12-15T21:13:08.489+0000] {manager.py:726} INFO - Searching for files in /opt/airflow/dags
[2022-12-15T21:13:08.490+0000] {manager.py:729} INFO - There are 0 files in /opt/airflow/dags
[2022-12-15T21:18:09.181+0000] {manager.py:726} INFO - Searching for files in /opt/airflow/dags
[2022-12-15T21:18:09.182+0000] {manager.py:729} INFO - There are 0 files in /opt/airflow/dags
[2022-12-15T21:23:09.856+0000] {manager.py:726} INFO - Searching for files in /opt/airflow/dags
[2022-12-15T21:23:09.857+0000] {manager.py:729} INFO - There are 0 files in /opt/airflow/dags
[2022-12-15T21:28:10.553+0000] {manager.py:726} INFO - Searching for files in /opt/airflow/dags
[2022-12-15T21:28:10.554+0000] {manager.py:729} INFO - There are 0 files in /opt/airflow/dags
[2022-12-15T21:33:11.227+0000] {manager.py:726} INFO - Searching for files in /opt/airflow/dags
[2022-12-15T21:33:11.228+0000] {manager.py:729} INFO - There are 0 files in /opt/airflow/dags
[2022-12-15T21:38:11.869+0000] {manager.py:726} INFO - Searching for files in /opt/airflow/dags
[2022-12-15T21:38:11.870+0000] {manager.py:729} INFO - There are 0 files in /opt/airflow/dags
[2022-12-15T21:43:12.590+0000] {manager.py:726} INFO - Searching for files in /opt/airflow/dags
[2022-12-15T21:43:12.591+0000] {manager.py:729} INFO - There are 0 files in /opt/airflow/dags
[2022-12-15T21:48:13.545+0000] {manager.py:726} INFO - Searching for files in /opt/airflow/dags
[2022-12-15T21:48:13.547+0000] {manager.py:729} INFO - There are 0 files in /opt/airflow/dags
[2022-12-15T21:53:14.314+0000] {manager.py:726} INFO - Searching for files in /opt/airflow/dags
[2022-12-15T21:53:14.315+0000] {manager.py:729} INFO - There are 0 files in /opt/airflow/dags
[2022-12-15T21:58:15.064+0000] {manager.py:726} INFO - Searching for files in /opt/airflow/dags
[2022-12-15T21:58:15.065+0000] {manager.py:729} INFO - There are 0 files in /opt/airflow/dags
[2022-12-15T22:03:15.806+0000] {manager.py:726} INFO - Searching for files in /opt/airflow/dags
[2022-12-15T22:03:15.807+0000] {manager.py:729} INFO - There are 0 files in /opt/airflow/dags
[2022-12-15T22:08:21.885+0000] {manager.py:726} INFO - Searching for files in /opt/airflow/dags
[2022-12-15T22:08:21.886+0000] {manager.py:729} INFO - There are 0 files in /opt/airflow/dags
[2022-12-15T22:13:22.612+0000] {manager.py:726} INFO - Searching for files in /opt/airflow/dags
[2022-12-15T22:13:22.613+0000] {manager.py:729} INFO - There are 0 files in /opt/airflow/dags
[2022-12-15T22:18:23.237+0000] {manager.py:726} INFO - Searching for files in /opt/airflow/dags
[2022-12-15T22:18:23.238+0000] {manager.py:729} INFO - There are 0 files in /opt/airflow/dags
[2022-12-15T22:23:23.870+0000] {manager.py:726} INFO - Searching for files in /opt/airflow/dags
[2022-12-15T22:23:23.871+0000] {manager.py:729} INFO - There are 0 files in /opt/airflow/dags
[2022-12-16T13:10:31.960+0000] {manager.py:726} INFO - Searching for files in /opt/airflow/dags
[2022-12-16T13:10:31.962+0000] {manager.py:729} INFO - There are 0 files in /opt/airflow/dags
[2022-12-16T20:22:15.131+0000] {manager.py:483} INFO - Processing files using up to 2 processes at a time 
[2022-12-16T20:22:15.133+0000] {manager.py:484} INFO - Process each file at most once every 30 seconds
[2022-12-16T20:22:15.134+0000] {manager.py:486} INFO - Checking for new files in /opt/airflow/dags every 300 seconds
[2022-12-16T20:22:15.134+0000] {manager.py:726} INFO - Searching for files in /opt/airflow/dags
[2022-12-16T20:22:15.135+0000] {manager.py:729} INFO - There are 0 files in /opt/airflow/dags
[2022-12-16T20:27:16.058+0000] {manager.py:726} INFO - Searching for files in /opt/airflow/dags
[2022-12-16T20:27:16.058+0000] {manager.py:729} INFO - There are 0 files in /opt/airflow/dags
[2022-12-16T20:32:16.768+0000] {manager.py:726} INFO - Searching for files in /opt/airflow/dags
[2022-12-16T20:32:16.769+0000] {manager.py:729} INFO - There are 0 files in /opt/airflow/dags
[2022-12-16T20:37:17.450+0000] {manager.py:726} INFO - Searching for files in /opt/airflow/dags
[2022-12-16T20:37:17.452+0000] {manager.py:729} INFO - There are 0 files in /opt/airflow/dags
[2022-12-16T20:42:18.127+0000] {manager.py:726} INFO - Searching for files in /opt/airflow/dags
[2022-12-16T20:42:18.128+0000] {manager.py:729} INFO - There are 0 files in /opt/airflow/dags
[2022-12-16T20:47:18.810+0000] {manager.py:726} INFO - Searching for files in /opt/airflow/dags
[2022-12-16T20:47:18.811+0000] {manager.py:729} INFO - There are 0 files in /opt/airflow/dags
[2022-12-16T20:52:19.493+0000] {manager.py:726} INFO - Searching for files in /opt/airflow/dags
[2022-12-16T20:52:19.494+0000] {manager.py:729} INFO - There are 0 files in /opt/airflow/dags
[2022-12-16T20:57:20.176+0000] {manager.py:726} INFO - Searching for files in /opt/airflow/dags
[2022-12-16T20:57:20.177+0000] {manager.py:729} INFO - There are 0 files in /opt/airflow/dags
[2022-12-16T21:02:20.983+0000] {manager.py:726} INFO - Searching for files in /opt/airflow/dags
[2022-12-16T21:02:20.983+0000] {manager.py:729} INFO - There are 0 files in /opt/airflow/dags
[2022-12-16T21:07:21.671+0000] {manager.py:726} INFO - Searching for files in /opt/airflow/dags
[2022-12-16T21:07:21.672+0000] {manager.py:729} INFO - There are 0 files in /opt/airflow/dags
[2022-12-16T21:12:22.333+0000] {manager.py:726} INFO - Searching for files in /opt/airflow/dags
[2022-12-16T21:12:22.335+0000] {manager.py:729} INFO - There are 0 files in /opt/airflow/dags
[2022-12-16T21:17:23.155+0000] {manager.py:726} INFO - Searching for files in /opt/airflow/dags
[2022-12-16T21:17:23.156+0000] {manager.py:729} INFO - There are 0 files in /opt/airflow/dags
[2022-12-16T21:22:23.890+0000] {manager.py:726} INFO - Searching for files in /opt/airflow/dags
[2022-12-16T21:22:23.891+0000] {manager.py:729} INFO - There are 0 files in /opt/airflow/dags
[2022-12-16T21:27:24.584+0000] {manager.py:726} INFO - Searching for files in /opt/airflow/dags
[2022-12-16T21:27:24.584+0000] {manager.py:729} INFO - There are 0 files in /opt/airflow/dags
[2022-12-16T21:32:25.282+0000] {manager.py:726} INFO - Searching for files in /opt/airflow/dags
[2022-12-16T21:32:25.283+0000] {manager.py:729} INFO - There are 0 files in /opt/airflow/dags
[2022-12-16T21:37:26.071+0000] {manager.py:726} INFO - Searching for files in /opt/airflow/dags
[2022-12-16T21:37:26.072+0000] {manager.py:729} INFO - There are 0 files in /opt/airflow/dags
[2022-12-16T21:42:26.898+0000] {manager.py:726} INFO - Searching for files in /opt/airflow/dags
[2022-12-16T21:42:26.899+0000] {manager.py:729} INFO - There are 0 files in /opt/airflow/dags
[2022-12-16T21:47:27.765+0000] {manager.py:726} INFO - Searching for files in /opt/airflow/dags
[2022-12-16T21:47:27.766+0000] {manager.py:729} INFO - There are 0 files in /opt/airflow/dags
[2022-12-16T21:52:28.457+0000] {manager.py:726} INFO - Searching for files in /opt/airflow/dags
[2022-12-16T21:52:28.458+0000] {manager.py:729} INFO - There are 0 files in /opt/airflow/dags
[2022-12-16T21:57:29.176+0000] {manager.py:726} INFO - Searching for files in /opt/airflow/dags
[2022-12-16T21:57:29.177+0000] {manager.py:729} INFO - There are 0 files in /opt/airflow/dags
[2022-12-16T22:02:29.886+0000] {manager.py:726} INFO - Searching for files in /opt/airflow/dags
[2022-12-16T22:02:29.887+0000] {manager.py:729} INFO - There are 0 files in /opt/airflow/dags
[2022-12-16T22:07:30.651+0000] {manager.py:726} INFO - Searching for files in /opt/airflow/dags
[2022-12-16T22:07:30.652+0000] {manager.py:729} INFO - There are 0 files in /opt/airflow/dags
[2022-12-16T22:12:30.901+0000] {manager.py:726} INFO - Searching for files in /opt/airflow/dags
[2022-12-16T22:12:30.903+0000] {manager.py:729} INFO - There are 0 files in /opt/airflow/dags
[2022-12-16T22:17:31.115+0000] {manager.py:726} INFO - Searching for files in /opt/airflow/dags
[2022-12-16T22:17:31.116+0000] {manager.py:729} INFO - There are 0 files in /opt/airflow/dags
[2022-12-16T22:22:31.316+0000] {manager.py:726} INFO - Searching for files in /opt/airflow/dags
[2022-12-16T22:22:31.318+0000] {manager.py:729} INFO - There are 0 files in /opt/airflow/dags
[2022-12-16T22:27:31.524+0000] {manager.py:726} INFO - Searching for files in /opt/airflow/dags
[2022-12-16T22:27:31.526+0000] {manager.py:729} INFO - There are 0 files in /opt/airflow/dags
[2022-12-16T22:32:31.804+0000] {manager.py:726} INFO - Searching for files in /opt/airflow/dags
[2022-12-16T22:32:31.806+0000] {manager.py:729} INFO - There are 0 files in /opt/airflow/dags
[2022-12-16T22:37:32.098+0000] {manager.py:726} INFO - Searching for files in /opt/airflow/dags
[2022-12-16T22:37:32.099+0000] {manager.py:729} INFO - There are 0 files in /opt/airflow/dags
[2022-12-16T22:42:32.259+0000] {manager.py:726} INFO - Searching for files in /opt/airflow/dags
[2022-12-16T22:42:32.260+0000] {manager.py:729} INFO - There are 0 files in /opt/airflow/dags
[2022-12-16T22:47:32.582+0000] {manager.py:726} INFO - Searching for files in /opt/airflow/dags
[2022-12-16T22:47:32.583+0000] {manager.py:729} INFO - There are 0 files in /opt/airflow/dags
[2022-12-16T22:52:32.970+0000] {manager.py:726} INFO - Searching for files in /opt/airflow/dags
[2022-12-16T22:52:32.971+0000] {manager.py:729} INFO - There are 0 files in /opt/airflow/dags
[2022-12-16T22:57:33.310+0000] {manager.py:726} INFO - Searching for files in /opt/airflow/dags
[2022-12-16T22:57:33.311+0000] {manager.py:729} INFO - There are 0 files in /opt/airflow/dags
[2022-12-16T23:02:33.819+0000] {manager.py:726} INFO - Searching for files in /opt/airflow/dags
[2022-12-16T23:02:33.821+0000] {manager.py:729} INFO - There are 0 files in /opt/airflow/dags
[2022-12-16T23:07:34.152+0000] {manager.py:726} INFO - Searching for files in /opt/airflow/dags
[2022-12-16T23:07:34.153+0000] {manager.py:729} INFO - There are 0 files in /opt/airflow/dags
[2022-12-16T23:12:34.482+0000] {manager.py:726} INFO - Searching for files in /opt/airflow/dags
[2022-12-16T23:12:34.484+0000] {manager.py:729} INFO - There are 0 files in /opt/airflow/dags
[2022-12-16T23:17:34.886+0000] {manager.py:726} INFO - Searching for files in /opt/airflow/dags
[2022-12-16T23:17:34.888+0000] {manager.py:729} INFO - There are 0 files in /opt/airflow/dags
[2022-12-16T23:22:35.307+0000] {manager.py:726} INFO - Searching for files in /opt/airflow/dags
[2022-12-16T23:22:35.308+0000] {manager.py:729} INFO - There are 0 files in /opt/airflow/dags
[2022-12-16T23:27:35.507+0000] {manager.py:726} INFO - Searching for files in /opt/airflow/dags
[2022-12-16T23:27:35.508+0000] {manager.py:729} INFO - There are 0 files in /opt/airflow/dags
[2022-12-16T23:32:35.936+0000] {manager.py:726} INFO - Searching for files in /opt/airflow/dags
[2022-12-16T23:32:35.938+0000] {manager.py:729} INFO - There are 0 files in /opt/airflow/dags
[2022-12-16T23:37:36.093+0000] {manager.py:726} INFO - Searching for files in /opt/airflow/dags
[2022-12-16T23:37:36.094+0000] {manager.py:729} INFO - There are 0 files in /opt/airflow/dags
[2022-12-17T15:09:31.930+0000] {manager.py:726} INFO - Searching for files in /opt/airflow/dags
[2022-12-17T15:09:31.931+0000] {manager.py:729} INFO - There are 0 files in /opt/airflow/dags
[2022-12-17T15:14:32.703+0000] {manager.py:726} INFO - Searching for files in /opt/airflow/dags
[2022-12-17T15:14:32.704+0000] {manager.py:729} INFO - There are 0 files in /opt/airflow/dags
[2022-12-17T15:19:33.433+0000] {manager.py:726} INFO - Searching for files in /opt/airflow/dags
[2022-12-17T15:19:33.434+0000] {manager.py:729} INFO - There are 0 files in /opt/airflow/dags
[2022-12-17T15:24:34.153+0000] {manager.py:726} INFO - Searching for files in /opt/airflow/dags
[2022-12-17T15:24:34.154+0000] {manager.py:729} INFO - There are 0 files in /opt/airflow/dags
[2022-12-17T15:29:34.849+0000] {manager.py:726} INFO - Searching for files in /opt/airflow/dags
[2022-12-17T15:29:34.850+0000] {manager.py:729} INFO - There are 0 files in /opt/airflow/dags
[2022-12-17T15:34:35.544+0000] {manager.py:726} INFO - Searching for files in /opt/airflow/dags
[2022-12-17T15:34:35.545+0000] {manager.py:729} INFO - There are 0 files in /opt/airflow/dags
[2022-12-17T15:39:36.278+0000] {manager.py:726} INFO - Searching for files in /opt/airflow/dags
[2022-12-17T15:39:36.278+0000] {manager.py:729} INFO - There are 0 files in /opt/airflow/dags
[2022-12-17T15:44:36.385+0000] {manager.py:726} INFO - Searching for files in /opt/airflow/dags
[2022-12-17T15:44:36.386+0000] {manager.py:729} INFO - There are 0 files in /opt/airflow/dags
[2022-12-17T15:49:37.084+0000] {manager.py:726} INFO - Searching for files in /opt/airflow/dags
[2022-12-17T15:49:37.085+0000] {manager.py:729} INFO - There are 0 files in /opt/airflow/dags
[2022-12-18T02:25:35.662+0000] {manager.py:726} INFO - Searching for files in /opt/airflow/dags
[2022-12-18T02:25:35.663+0000] {manager.py:729} INFO - There are 0 files in /opt/airflow/dags
[2022-12-18T02:30:36.119+0000] {manager.py:726} INFO - Searching for files in /opt/airflow/dags
[2022-12-18T02:30:36.119+0000] {manager.py:729} INFO - There are 0 files in /opt/airflow/dags
[2022-12-18T02:35:36.878+0000] {manager.py:726} INFO - Searching for files in /opt/airflow/dags
[2022-12-18T02:35:36.878+0000] {manager.py:729} INFO - There are 0 files in /opt/airflow/dags
[2022-12-18T02:40:37.670+0000] {manager.py:726} INFO - Searching for files in /opt/airflow/dags
[2022-12-18T02:40:37.670+0000] {manager.py:729} INFO - There are 0 files in /opt/airflow/dags
[2022-12-18T02:45:38.462+0000] {manager.py:726} INFO - Searching for files in /opt/airflow/dags
[2022-12-18T02:45:38.463+0000] {manager.py:729} INFO - There are 0 files in /opt/airflow/dags
[2022-12-18T02:50:39.221+0000] {manager.py:726} INFO - Searching for files in /opt/airflow/dags
[2022-12-18T02:50:39.222+0000] {manager.py:729} INFO - There are 0 files in /opt/airflow/dags
[2022-12-18T13:52:37.247+0000] {manager.py:483} INFO - Processing files using up to 2 processes at a time 
[2022-12-18T13:52:37.249+0000] {manager.py:484} INFO - Process each file at most once every 30 seconds
[2022-12-18T13:52:37.249+0000] {manager.py:486} INFO - Checking for new files in /opt/airflow/dags every 300 seconds
[2022-12-18T13:52:37.250+0000] {manager.py:726} INFO - Searching for files in /opt/airflow/dags
[2022-12-18T13:52:37.251+0000] {manager.py:729} INFO - There are 0 files in /opt/airflow/dags
[2022-12-18T13:57:37.803+0000] {manager.py:726} INFO - Searching for files in /opt/airflow/dags
[2022-12-18T13:57:37.805+0000] {manager.py:729} INFO - There are 0 files in /opt/airflow/dags
[2022-12-18T19:17:26.602+0000] {manager.py:726} INFO - Searching for files in /opt/airflow/dags
[2022-12-18T19:17:26.603+0000] {manager.py:729} INFO - There are 0 files in /opt/airflow/dags
[2022-12-18T19:22:27.284+0000] {manager.py:726} INFO - Searching for files in /opt/airflow/dags
[2022-12-18T19:22:27.285+0000] {manager.py:729} INFO - There are 0 files in /opt/airflow/dags
[2022-12-18T19:29:23.733+0000] {manager.py:726} INFO - Searching for files in /opt/airflow/dags
[2022-12-18T19:29:23.734+0000] {manager.py:729} INFO - There are 0 files in /opt/airflow/dags
[2022-12-18T19:34:24.419+0000] {manager.py:726} INFO - Searching for files in /opt/airflow/dags
[2022-12-18T19:34:24.420+0000] {manager.py:729} INFO - There are 0 files in /opt/airflow/dags
[2022-12-18T19:39:25.111+0000] {manager.py:726} INFO - Searching for files in /opt/airflow/dags
[2022-12-18T19:39:25.112+0000] {manager.py:729} INFO - There are 0 files in /opt/airflow/dags
[2022-12-18T19:44:25.747+0000] {manager.py:726} INFO - Searching for files in /opt/airflow/dags
[2022-12-18T19:44:25.748+0000] {manager.py:729} INFO - There are 0 files in /opt/airflow/dags
[2022-12-18T19:49:26.426+0000] {manager.py:726} INFO - Searching for files in /opt/airflow/dags
[2022-12-18T19:49:26.428+0000] {manager.py:729} INFO - There are 0 files in /opt/airflow/dags
[2022-12-18T19:54:27.082+0000] {manager.py:726} INFO - Searching for files in /opt/airflow/dags
[2022-12-18T19:54:27.095+0000] {manager.py:729} INFO - There are 0 files in /opt/airflow/dags
[2022-12-18T19:59:27.894+0000] {manager.py:726} INFO - Searching for files in /opt/airflow/dags
[2022-12-18T19:59:27.896+0000] {manager.py:729} INFO - There are 0 files in /opt/airflow/dags
[2022-12-18T20:04:28.494+0000] {manager.py:726} INFO - Searching for files in /opt/airflow/dags
[2022-12-18T20:04:28.494+0000] {manager.py:729} INFO - There are 0 files in /opt/airflow/dags
[2022-12-18T20:09:29.173+0000] {manager.py:726} INFO - Searching for files in /opt/airflow/dags
[2022-12-18T20:09:29.174+0000] {manager.py:729} INFO - There are 0 files in /opt/airflow/dags
[2022-12-18T20:14:29.968+0000] {manager.py:726} INFO - Searching for files in /opt/airflow/dags
[2022-12-18T20:14:29.968+0000] {manager.py:729} INFO - There are 0 files in /opt/airflow/dags
[2022-12-18T20:19:30.553+0000] {manager.py:726} INFO - Searching for files in /opt/airflow/dags
[2022-12-18T20:19:30.554+0000] {manager.py:729} INFO - There are 0 files in /opt/airflow/dags
[2022-12-18T20:24:31.319+0000] {manager.py:726} INFO - Searching for files in /opt/airflow/dags
[2022-12-18T20:24:31.320+0000] {manager.py:729} INFO - There are 0 files in /opt/airflow/dags
[2022-12-18T20:29:32.117+0000] {manager.py:726} INFO - Searching for files in /opt/airflow/dags
[2022-12-18T20:29:32.118+0000] {manager.py:729} INFO - There are 0 files in /opt/airflow/dags
[2022-12-18T20:34:32.835+0000] {manager.py:726} INFO - Searching for files in /opt/airflow/dags
[2022-12-18T20:34:32.836+0000] {manager.py:729} INFO - There are 0 files in /opt/airflow/dags
[2022-12-18T20:39:33.541+0000] {manager.py:726} INFO - Searching for files in /opt/airflow/dags
[2022-12-18T20:39:33.543+0000] {manager.py:729} INFO - There are 0 files in /opt/airflow/dags
[2022-12-18T20:44:34.308+0000] {manager.py:726} INFO - Searching for files in /opt/airflow/dags
[2022-12-18T20:44:34.310+0000] {manager.py:729} INFO - There are 0 files in /opt/airflow/dags
[2022-12-18T20:49:35.075+0000] {manager.py:726} INFO - Searching for files in /opt/airflow/dags
[2022-12-18T20:49:35.077+0000] {manager.py:729} INFO - There are 0 files in /opt/airflow/dags
[2022-12-18T20:54:35.796+0000] {manager.py:726} INFO - Searching for files in /opt/airflow/dags
[2022-12-18T20:54:35.797+0000] {manager.py:729} INFO - There are 0 files in /opt/airflow/dags
[2022-12-18T20:59:36.542+0000] {manager.py:726} INFO - Searching for files in /opt/airflow/dags
[2022-12-18T20:59:36.543+0000] {manager.py:729} INFO - There are 0 files in /opt/airflow/dags
[2022-12-18T21:04:37.377+0000] {manager.py:726} INFO - Searching for files in /opt/airflow/dags
[2022-12-18T21:04:37.378+0000] {manager.py:729} INFO - There are 0 files in /opt/airflow/dags
[2022-12-18T21:09:38.110+0000] {manager.py:726} INFO - Searching for files in /opt/airflow/dags
[2022-12-18T21:09:38.111+0000] {manager.py:729} INFO - There are 0 files in /opt/airflow/dags
[2022-12-18T21:14:38.934+0000] {manager.py:726} INFO - Searching for files in /opt/airflow/dags
[2022-12-18T21:14:38.935+0000] {manager.py:729} INFO - There are 0 files in /opt/airflow/dags
[2022-12-18T21:19:39.637+0000] {manager.py:726} INFO - Searching for files in /opt/airflow/dags
[2022-12-18T21:19:39.638+0000] {manager.py:729} INFO - There are 0 files in /opt/airflow/dags
[2022-12-18T21:24:40.467+0000] {manager.py:726} INFO - Searching for files in /opt/airflow/dags
[2022-12-18T21:24:40.467+0000] {manager.py:729} INFO - There are 0 files in /opt/airflow/dags
[2022-12-18T21:29:41.172+0000] {manager.py:726} INFO - Searching for files in /opt/airflow/dags
[2022-12-18T21:29:41.173+0000] {manager.py:729} INFO - There are 0 files in /opt/airflow/dags
[2022-12-18T21:34:41.867+0000] {manager.py:726} INFO - Searching for files in /opt/airflow/dags
[2022-12-18T21:34:41.868+0000] {manager.py:729} INFO - There are 0 files in /opt/airflow/dags
[2022-12-18T21:39:42.567+0000] {manager.py:726} INFO - Searching for files in /opt/airflow/dags
[2022-12-18T21:39:42.568+0000] {manager.py:729} INFO - There are 0 files in /opt/airflow/dags
[2022-12-18T21:44:43.265+0000] {manager.py:726} INFO - Searching for files in /opt/airflow/dags
[2022-12-18T21:44:43.266+0000] {manager.py:729} INFO - There are 0 files in /opt/airflow/dags
[2022-12-18T21:49:43.986+0000] {manager.py:726} INFO - Searching for files in /opt/airflow/dags
[2022-12-18T21:49:43.987+0000] {manager.py:729} INFO - There are 0 files in /opt/airflow/dags
[2022-12-18T21:54:44.669+0000] {manager.py:726} INFO - Searching for files in /opt/airflow/dags
[2022-12-18T21:54:44.670+0000] {manager.py:729} INFO - There are 0 files in /opt/airflow/dags
[2022-12-18T21:59:45.374+0000] {manager.py:726} INFO - Searching for files in /opt/airflow/dags
[2022-12-18T21:59:45.375+0000] {manager.py:729} INFO - There are 0 files in /opt/airflow/dags
[2022-12-18T22:04:46.069+0000] {manager.py:726} INFO - Searching for files in /opt/airflow/dags
[2022-12-18T22:04:46.070+0000] {manager.py:729} INFO - There are 0 files in /opt/airflow/dags
[2022-12-18T22:09:46.762+0000] {manager.py:726} INFO - Searching for files in /opt/airflow/dags
[2022-12-18T22:09:46.762+0000] {manager.py:729} INFO - There are 0 files in /opt/airflow/dags
[2022-12-18T22:14:47.521+0000] {manager.py:726} INFO - Searching for files in /opt/airflow/dags
[2022-12-18T22:14:47.525+0000] {manager.py:729} INFO - There are 0 files in /opt/airflow/dags
[2022-12-18T22:19:48.294+0000] {manager.py:726} INFO - Searching for files in /opt/airflow/dags
[2022-12-18T22:19:48.295+0000] {manager.py:729} INFO - There are 0 files in /opt/airflow/dags
[2022-12-18T22:24:48.969+0000] {manager.py:726} INFO - Searching for files in /opt/airflow/dags
[2022-12-18T22:24:48.969+0000] {manager.py:729} INFO - There are 0 files in /opt/airflow/dags
[2022-12-18T22:29:49.622+0000] {manager.py:726} INFO - Searching for files in /opt/airflow/dags
[2022-12-18T22:29:49.623+0000] {manager.py:729} INFO - There are 0 files in /opt/airflow/dags
[2022-12-18T22:34:50.305+0000] {manager.py:726} INFO - Searching for files in /opt/airflow/dags
[2022-12-18T22:34:50.306+0000] {manager.py:729} INFO - There are 0 files in /opt/airflow/dags
[2022-12-18T22:39:51.024+0000] {manager.py:726} INFO - Searching for files in /opt/airflow/dags
[2022-12-18T22:39:51.025+0000] {manager.py:729} INFO - There are 0 files in /opt/airflow/dags
[2022-12-18T22:44:51.722+0000] {manager.py:726} INFO - Searching for files in /opt/airflow/dags
[2022-12-18T22:44:51.723+0000] {manager.py:729} INFO - There are 0 files in /opt/airflow/dags
[2022-12-18T22:49:52.413+0000] {manager.py:726} INFO - Searching for files in /opt/airflow/dags
[2022-12-18T22:49:52.414+0000] {manager.py:729} INFO - There are 0 files in /opt/airflow/dags
[2022-12-18T22:54:53.089+0000] {manager.py:726} INFO - Searching for files in /opt/airflow/dags
[2022-12-18T22:54:53.090+0000] {manager.py:729} INFO - There are 0 files in /opt/airflow/dags
[2022-12-18T22:59:53.812+0000] {manager.py:726} INFO - Searching for files in /opt/airflow/dags
[2022-12-18T22:59:53.813+0000] {manager.py:729} INFO - There are 0 files in /opt/airflow/dags
[2022-12-18T23:04:54.510+0000] {manager.py:726} INFO - Searching for files in /opt/airflow/dags
[2022-12-18T23:04:54.511+0000] {manager.py:729} INFO - There are 0 files in /opt/airflow/dags
[2022-12-18T23:09:55.178+0000] {manager.py:726} INFO - Searching for files in /opt/airflow/dags
[2022-12-18T23:09:55.179+0000] {manager.py:729} INFO - There are 0 files in /opt/airflow/dags
[2022-12-18T23:14:55.864+0000] {manager.py:726} INFO - Searching for files in /opt/airflow/dags
[2022-12-18T23:14:55.865+0000] {manager.py:729} INFO - There are 0 files in /opt/airflow/dags
[2022-12-18T23:19:56.559+0000] {manager.py:726} INFO - Searching for files in /opt/airflow/dags
[2022-12-18T23:19:56.560+0000] {manager.py:729} INFO - There are 0 files in /opt/airflow/dags
[2022-12-18T23:24:57.250+0000] {manager.py:726} INFO - Searching for files in /opt/airflow/dags
[2022-12-18T23:24:57.250+0000] {manager.py:729} INFO - There are 0 files in /opt/airflow/dags
[2022-12-18T23:29:57.961+0000] {manager.py:726} INFO - Searching for files in /opt/airflow/dags
[2022-12-18T23:29:57.962+0000] {manager.py:729} INFO - There are 0 files in /opt/airflow/dags
[2022-12-18T23:34:58.637+0000] {manager.py:726} INFO - Searching for files in /opt/airflow/dags
[2022-12-18T23:34:58.638+0000] {manager.py:729} INFO - There are 0 files in /opt/airflow/dags
[2022-12-18T23:39:59.331+0000] {manager.py:726} INFO - Searching for files in /opt/airflow/dags
[2022-12-18T23:39:59.333+0000] {manager.py:729} INFO - There are 0 files in /opt/airflow/dags
[2022-12-18T23:45:00.021+0000] {manager.py:726} INFO - Searching for files in /opt/airflow/dags
[2022-12-18T23:45:00.022+0000] {manager.py:729} INFO - There are 0 files in /opt/airflow/dags
[2022-12-18T23:50:00.730+0000] {manager.py:726} INFO - Searching for files in /opt/airflow/dags
[2022-12-18T23:50:00.731+0000] {manager.py:729} INFO - There are 0 files in /opt/airflow/dags
[2022-12-18T23:55:01.432+0000] {manager.py:726} INFO - Searching for files in /opt/airflow/dags
[2022-12-18T23:55:01.433+0000] {manager.py:729} INFO - There are 0 files in /opt/airflow/dags
[2022-12-19T00:00:02.151+0000] {manager.py:726} INFO - Searching for files in /opt/airflow/dags
[2022-12-19T00:00:02.152+0000] {manager.py:729} INFO - There are 0 files in /opt/airflow/dags
[2022-12-19T00:05:02.825+0000] {manager.py:726} INFO - Searching for files in /opt/airflow/dags
[2022-12-19T00:05:02.825+0000] {manager.py:729} INFO - There are 0 files in /opt/airflow/dags
[2022-12-19T00:10:03.522+0000] {manager.py:726} INFO - Searching for files in /opt/airflow/dags
[2022-12-19T00:10:03.523+0000] {manager.py:729} INFO - There are 0 files in /opt/airflow/dags
[2022-12-19T00:15:04.171+0000] {manager.py:726} INFO - Searching for files in /opt/airflow/dags
[2022-12-19T00:15:04.172+0000] {manager.py:729} INFO - There are 0 files in /opt/airflow/dags
[2022-12-19T00:20:04.881+0000] {manager.py:726} INFO - Searching for files in /opt/airflow/dags
[2022-12-19T00:20:04.882+0000] {manager.py:729} INFO - There are 0 files in /opt/airflow/dags
[2022-12-19T00:25:05.569+0000] {manager.py:726} INFO - Searching for files in /opt/airflow/dags
[2022-12-19T00:25:05.570+0000] {manager.py:729} INFO - There are 0 files in /opt/airflow/dags
[2022-12-19T00:30:06.237+0000] {manager.py:726} INFO - Searching for files in /opt/airflow/dags
[2022-12-19T00:30:06.238+0000] {manager.py:729} INFO - There are 0 files in /opt/airflow/dags
[2022-12-19T00:35:06.910+0000] {manager.py:726} INFO - Searching for files in /opt/airflow/dags
[2022-12-19T00:35:06.912+0000] {manager.py:729} INFO - There are 0 files in /opt/airflow/dags
[2022-12-19T00:40:07.602+0000] {manager.py:726} INFO - Searching for files in /opt/airflow/dags
[2022-12-19T00:40:07.603+0000] {manager.py:729} INFO - There are 0 files in /opt/airflow/dags
[2022-12-19T00:45:08.561+0000] {manager.py:726} INFO - Searching for files in /opt/airflow/dags
[2022-12-19T00:45:08.562+0000] {manager.py:729} INFO - There are 0 files in /opt/airflow/dags
[2022-12-19T00:50:09.254+0000] {manager.py:726} INFO - Searching for files in /opt/airflow/dags
[2022-12-19T00:50:09.255+0000] {manager.py:729} INFO - There are 0 files in /opt/airflow/dags
[2022-12-19T00:55:09.933+0000] {manager.py:726} INFO - Searching for files in /opt/airflow/dags
[2022-12-19T00:55:09.934+0000] {manager.py:729} INFO - There are 0 files in /opt/airflow/dags
[2022-12-19T01:00:10.047+0000] {manager.py:726} INFO - Searching for files in /opt/airflow/dags
[2022-12-19T01:00:10.048+0000] {manager.py:729} INFO - There are 0 files in /opt/airflow/dags
[2022-12-19T01:05:10.748+0000] {manager.py:726} INFO - Searching for files in /opt/airflow/dags
[2022-12-19T01:05:10.749+0000] {manager.py:729} INFO - There are 0 files in /opt/airflow/dags
[2022-12-19T01:10:11.533+0000] {manager.py:726} INFO - Searching for files in /opt/airflow/dags
[2022-12-19T01:10:11.533+0000] {manager.py:729} INFO - There are 0 files in /opt/airflow/dags
[2022-12-19T01:15:12.225+0000] {manager.py:726} INFO - Searching for files in /opt/airflow/dags
[2022-12-19T01:15:12.226+0000] {manager.py:729} INFO - There are 0 files in /opt/airflow/dags
[2022-12-19T01:20:13.088+0000] {manager.py:726} INFO - Searching for files in /opt/airflow/dags
[2022-12-19T01:20:13.089+0000] {manager.py:729} INFO - There are 0 files in /opt/airflow/dags
[2022-12-19T01:25:13.947+0000] {manager.py:726} INFO - Searching for files in /opt/airflow/dags
[2022-12-19T01:25:13.948+0000] {manager.py:729} INFO - There are 0 files in /opt/airflow/dags
[2022-12-19T01:30:14.603+0000] {manager.py:726} INFO - Searching for files in /opt/airflow/dags
[2022-12-19T01:30:14.604+0000] {manager.py:729} INFO - There are 0 files in /opt/airflow/dags
[2022-12-19T01:35:15.284+0000] {manager.py:726} INFO - Searching for files in /opt/airflow/dags
[2022-12-19T01:35:15.286+0000] {manager.py:729} INFO - There are 0 files in /opt/airflow/dags
[2022-12-19T01:40:16.061+0000] {manager.py:726} INFO - Searching for files in /opt/airflow/dags
[2022-12-19T01:40:16.062+0000] {manager.py:729} INFO - There are 0 files in /opt/airflow/dags
[2022-12-19T01:45:16.774+0000] {manager.py:726} INFO - Searching for files in /opt/airflow/dags
[2022-12-19T01:45:16.775+0000] {manager.py:729} INFO - There are 0 files in /opt/airflow/dags
[2022-12-19T01:50:17.531+0000] {manager.py:726} INFO - Searching for files in /opt/airflow/dags
[2022-12-19T01:50:17.532+0000] {manager.py:729} INFO - There are 0 files in /opt/airflow/dags
[2022-12-19T01:55:18.210+0000] {manager.py:726} INFO - Searching for files in /opt/airflow/dags
[2022-12-19T01:55:18.211+0000] {manager.py:729} INFO - There are 0 files in /opt/airflow/dags
[2022-12-19T02:00:18.863+0000] {manager.py:726} INFO - Searching for files in /opt/airflow/dags
[2022-12-19T02:00:18.864+0000] {manager.py:729} INFO - There are 0 files in /opt/airflow/dags
[2022-12-19T02:05:19.580+0000] {manager.py:726} INFO - Searching for files in /opt/airflow/dags
[2022-12-19T02:05:19.581+0000] {manager.py:729} INFO - There are 0 files in /opt/airflow/dags
[2022-12-19T02:10:20.312+0000] {manager.py:726} INFO - Searching for files in /opt/airflow/dags
[2022-12-19T02:10:20.313+0000] {manager.py:729} INFO - There are 0 files in /opt/airflow/dags
[2022-12-19T02:15:21.291+0000] {manager.py:726} INFO - Searching for files in /opt/airflow/dags
[2022-12-19T02:15:21.292+0000] {manager.py:729} INFO - There are 0 files in /opt/airflow/dags
[2022-12-19T02:20:21.994+0000] {manager.py:726} INFO - Searching for files in /opt/airflow/dags
[2022-12-19T02:20:21.994+0000] {manager.py:729} INFO - There are 0 files in /opt/airflow/dags
[2022-12-19T02:25:22.845+0000] {manager.py:726} INFO - Searching for files in /opt/airflow/dags
[2022-12-19T02:25:22.846+0000] {manager.py:729} INFO - There are 0 files in /opt/airflow/dags
[2022-12-19T02:30:23.517+0000] {manager.py:726} INFO - Searching for files in /opt/airflow/dags
[2022-12-19T02:30:23.518+0000] {manager.py:729} INFO - There are 0 files in /opt/airflow/dags
[2022-12-19T02:35:24.416+0000] {manager.py:726} INFO - Searching for files in /opt/airflow/dags
[2022-12-19T02:35:24.418+0000] {manager.py:729} INFO - There are 0 files in /opt/airflow/dags
[2022-12-19T02:40:25.090+0000] {manager.py:726} INFO - Searching for files in /opt/airflow/dags
[2022-12-19T02:40:25.091+0000] {manager.py:729} INFO - There are 0 files in /opt/airflow/dags
[2022-12-19T02:45:25.816+0000] {manager.py:726} INFO - Searching for files in /opt/airflow/dags
[2022-12-19T02:45:25.817+0000] {manager.py:729} INFO - There are 0 files in /opt/airflow/dags
[2022-12-19T02:50:26.463+0000] {manager.py:726} INFO - Searching for files in /opt/airflow/dags
[2022-12-19T02:50:26.464+0000] {manager.py:729} INFO - There are 0 files in /opt/airflow/dags
[2022-12-19T02:55:26.574+0000] {manager.py:726} INFO - Searching for files in /opt/airflow/dags
[2022-12-19T02:55:26.575+0000] {manager.py:729} INFO - There are 0 files in /opt/airflow/dags
[2022-12-19T13:26:14.094+0000] {manager.py:483} INFO - Processing files using up to 2 processes at a time 
[2022-12-19T13:26:14.113+0000] {manager.py:484} INFO - Process each file at most once every 30 seconds
[2022-12-19T13:26:14.113+0000] {manager.py:486} INFO - Checking for new files in /opt/airflow/dags every 300 seconds
[2022-12-19T13:26:14.113+0000] {manager.py:726} INFO - Searching for files in /opt/airflow/dags
[2022-12-19T13:26:14.115+0000] {manager.py:729} INFO - There are 0 files in /opt/airflow/dags
[2022-12-19T13:31:14.638+0000] {manager.py:726} INFO - Searching for files in /opt/airflow/dags
[2022-12-19T13:31:14.639+0000] {manager.py:729} INFO - There are 0 files in /opt/airflow/dags
[2022-12-19T13:36:15.251+0000] {manager.py:726} INFO - Searching for files in /opt/airflow/dags
[2022-12-19T13:36:15.252+0000] {manager.py:729} INFO - There are 0 files in /opt/airflow/dags
[2022-12-19T13:41:15.863+0000] {manager.py:726} INFO - Searching for files in /opt/airflow/dags
[2022-12-19T13:41:15.864+0000] {manager.py:729} INFO - There are 0 files in /opt/airflow/dags
[2022-12-19T13:46:16.474+0000] {manager.py:726} INFO - Searching for files in /opt/airflow/dags
[2022-12-19T13:46:16.475+0000] {manager.py:729} INFO - There are 0 files in /opt/airflow/dags
[2022-12-19T13:51:17.128+0000] {manager.py:726} INFO - Searching for files in /opt/airflow/dags
[2022-12-19T13:51:17.129+0000] {manager.py:729} INFO - There are 0 files in /opt/airflow/dags
[2022-12-19T13:56:17.960+0000] {manager.py:726} INFO - Searching for files in /opt/airflow/dags
[2022-12-19T13:56:17.961+0000] {manager.py:729} INFO - There are 0 files in /opt/airflow/dags
[2022-12-20T15:08:18.889+0000] {manager.py:483} INFO - Processing files using up to 2 processes at a time 
[2022-12-20T15:08:18.892+0000] {manager.py:484} INFO - Process each file at most once every 30 seconds
[2022-12-20T15:08:18.893+0000] {manager.py:486} INFO - Checking for new files in /opt/airflow/dags every 300 seconds
[2022-12-20T15:08:18.893+0000] {manager.py:726} INFO - Searching for files in /opt/airflow/dags
[2022-12-20T15:08:18.895+0000] {manager.py:729} INFO - There are 0 files in /opt/airflow/dags
[2022-12-20T15:13:19.071+0000] {manager.py:726} INFO - Searching for files in /opt/airflow/dags
[2022-12-20T15:13:19.072+0000] {manager.py:729} INFO - There are 0 files in /opt/airflow/dags
[2022-12-20T15:18:19.305+0000] {manager.py:726} INFO - Searching for files in /opt/airflow/dags
[2022-12-20T15:18:19.306+0000] {manager.py:729} INFO - There are 0 files in /opt/airflow/dags
[2022-12-20T15:23:19.474+0000] {manager.py:726} INFO - Searching for files in /opt/airflow/dags
[2022-12-20T15:23:19.476+0000] {manager.py:729} INFO - There are 0 files in /opt/airflow/dags
[2022-12-20T15:28:19.810+0000] {manager.py:726} INFO - Searching for files in /opt/airflow/dags
[2022-12-20T15:28:19.811+0000] {manager.py:729} INFO - There are 0 files in /opt/airflow/dags
[2022-12-20T17:32:14.755+0000] {manager.py:726} INFO - Searching for files in /opt/airflow/dags
[2022-12-20T17:32:14.757+0000] {manager.py:729} INFO - There are 0 files in /opt/airflow/dags
[2022-12-20T17:37:15.317+0000] {manager.py:726} INFO - Searching for files in /opt/airflow/dags
[2022-12-20T17:37:15.318+0000] {manager.py:729} INFO - There are 0 files in /opt/airflow/dags
[2022-12-20T17:42:16.044+0000] {manager.py:726} INFO - Searching for files in /opt/airflow/dags
[2022-12-20T17:42:16.048+0000] {manager.py:729} INFO - There are 0 files in /opt/airflow/dags
[2022-12-20T17:47:17.031+0000] {manager.py:726} INFO - Searching for files in /opt/airflow/dags
[2022-12-20T17:47:17.032+0000] {manager.py:729} INFO - There are 0 files in /opt/airflow/dags
[2022-12-20T17:52:17.901+0000] {manager.py:726} INFO - Searching for files in /opt/airflow/dags
[2022-12-20T17:52:17.902+0000] {manager.py:729} INFO - There are 0 files in /opt/airflow/dags
[2022-12-20T17:57:18.704+0000] {manager.py:726} INFO - Searching for files in /opt/airflow/dags
[2022-12-20T17:57:18.705+0000] {manager.py:729} INFO - There are 0 files in /opt/airflow/dags
[2022-12-20T18:02:19.475+0000] {manager.py:726} INFO - Searching for files in /opt/airflow/dags
[2022-12-20T18:02:19.476+0000] {manager.py:729} INFO - There are 0 files in /opt/airflow/dags
[2022-12-20T18:07:20.321+0000] {manager.py:726} INFO - Searching for files in /opt/airflow/dags
[2022-12-20T18:07:20.321+0000] {manager.py:729} INFO - There are 0 files in /opt/airflow/dags
[2022-12-20T18:12:21.032+0000] {manager.py:726} INFO - Searching for files in /opt/airflow/dags
[2022-12-20T18:12:21.033+0000] {manager.py:729} INFO - There are 0 files in /opt/airflow/dags
[2022-12-20T18:27:55.601+0000] {manager.py:726} INFO - Searching for files in /opt/airflow/dags
[2022-12-20T18:27:55.603+0000] {manager.py:729} INFO - There are 0 files in /opt/airflow/dags
[2022-12-20T18:32:56.435+0000] {manager.py:726} INFO - Searching for files in /opt/airflow/dags
[2022-12-20T18:32:56.436+0000] {manager.py:729} INFO - There are 0 files in /opt/airflow/dags
[2022-12-20T18:37:57.211+0000] {manager.py:726} INFO - Searching for files in /opt/airflow/dags
[2022-12-20T18:37:57.212+0000] {manager.py:729} INFO - There are 0 files in /opt/airflow/dags
[2022-12-20T18:42:57.996+0000] {manager.py:726} INFO - Searching for files in /opt/airflow/dags
[2022-12-20T18:42:57.997+0000] {manager.py:729} INFO - There are 0 files in /opt/airflow/dags
[2022-12-20T18:47:58.814+0000] {manager.py:726} INFO - Searching for files in /opt/airflow/dags
[2022-12-20T18:47:58.814+0000] {manager.py:729} INFO - There are 0 files in /opt/airflow/dags
[2022-12-20T18:52:59.628+0000] {manager.py:726} INFO - Searching for files in /opt/airflow/dags
[2022-12-20T18:52:59.629+0000] {manager.py:729} INFO - There are 0 files in /opt/airflow/dags
[2022-12-20T18:58:00.466+0000] {manager.py:726} INFO - Searching for files in /opt/airflow/dags
[2022-12-20T18:58:00.467+0000] {manager.py:729} INFO - There are 0 files in /opt/airflow/dags
[2022-12-20T19:03:00.714+0000] {manager.py:726} INFO - Searching for files in /opt/airflow/dags
[2022-12-20T19:03:00.715+0000] {manager.py:729} INFO - There are 0 files in /opt/airflow/dags
[2022-12-20T19:08:01.533+0000] {manager.py:726} INFO - Searching for files in /opt/airflow/dags
[2022-12-20T19:08:01.534+0000] {manager.py:729} INFO - There are 0 files in /opt/airflow/dags
[2022-12-20T19:13:02.421+0000] {manager.py:726} INFO - Searching for files in /opt/airflow/dags
[2022-12-20T19:13:02.422+0000] {manager.py:729} INFO - There are 0 files in /opt/airflow/dags
[2022-12-20T19:18:03.195+0000] {manager.py:726} INFO - Searching for files in /opt/airflow/dags
[2022-12-20T19:18:03.196+0000] {manager.py:729} INFO - There are 0 files in /opt/airflow/dags
[2022-12-20T19:23:03.940+0000] {manager.py:726} INFO - Searching for files in /opt/airflow/dags
[2022-12-20T19:23:03.941+0000] {manager.py:729} INFO - There are 0 files in /opt/airflow/dags
[2022-12-20T19:28:04.694+0000] {manager.py:726} INFO - Searching for files in /opt/airflow/dags
[2022-12-20T19:28:04.695+0000] {manager.py:729} INFO - There are 0 files in /opt/airflow/dags
[2022-12-20T19:33:05.475+0000] {manager.py:726} INFO - Searching for files in /opt/airflow/dags
[2022-12-20T19:33:05.476+0000] {manager.py:729} INFO - There are 0 files in /opt/airflow/dags
[2022-12-20T19:38:06.262+0000] {manager.py:726} INFO - Searching for files in /opt/airflow/dags
[2022-12-20T19:38:06.263+0000] {manager.py:729} INFO - There are 0 files in /opt/airflow/dags
[2022-12-20T19:43:07.028+0000] {manager.py:726} INFO - Searching for files in /opt/airflow/dags
[2022-12-20T19:43:07.029+0000] {manager.py:729} INFO - There are 0 files in /opt/airflow/dags
[2022-12-20T19:48:07.804+0000] {manager.py:726} INFO - Searching for files in /opt/airflow/dags
[2022-12-20T19:48:07.805+0000] {manager.py:729} INFO - There are 0 files in /opt/airflow/dags
[2022-12-20T19:53:08.538+0000] {manager.py:726} INFO - Searching for files in /opt/airflow/dags
[2022-12-20T19:53:08.539+0000] {manager.py:729} INFO - There are 0 files in /opt/airflow/dags
[2022-12-20T19:58:09.286+0000] {manager.py:726} INFO - Searching for files in /opt/airflow/dags
[2022-12-20T19:58:09.287+0000] {manager.py:729} INFO - There are 0 files in /opt/airflow/dags
[2022-12-20T20:03:10.047+0000] {manager.py:726} INFO - Searching for files in /opt/airflow/dags
[2022-12-20T20:03:10.048+0000] {manager.py:729} INFO - There are 0 files in /opt/airflow/dags
[2022-12-20T20:08:10.802+0000] {manager.py:726} INFO - Searching for files in /opt/airflow/dags
[2022-12-20T20:08:10.803+0000] {manager.py:729} INFO - There are 0 files in /opt/airflow/dags
[2022-12-20T20:13:11.612+0000] {manager.py:726} INFO - Searching for files in /opt/airflow/dags
[2022-12-20T20:13:11.613+0000] {manager.py:729} INFO - There are 0 files in /opt/airflow/dags
[2022-12-20T20:18:12.355+0000] {manager.py:726} INFO - Searching for files in /opt/airflow/dags
[2022-12-20T20:18:12.356+0000] {manager.py:729} INFO - There are 0 files in /opt/airflow/dags
[2022-12-20T20:23:13.083+0000] {manager.py:726} INFO - Searching for files in /opt/airflow/dags
[2022-12-20T20:23:13.084+0000] {manager.py:729} INFO - There are 0 files in /opt/airflow/dags
[2022-12-21T12:28:34.888+0000] {manager.py:726} INFO - Searching for files in /opt/airflow/dags
[2022-12-21T12:28:34.889+0000] {manager.py:729} INFO - There are 0 files in /opt/airflow/dags
[2022-12-21T12:33:35.648+0000] {manager.py:726} INFO - Searching for files in /opt/airflow/dags
[2022-12-21T12:33:35.648+0000] {manager.py:729} INFO - There are 0 files in /opt/airflow/dags
[2022-12-21T12:38:36.370+0000] {manager.py:726} INFO - Searching for files in /opt/airflow/dags
[2022-12-21T12:38:36.371+0000] {manager.py:729} INFO - There are 0 files in /opt/airflow/dags
[2022-12-21T12:43:37.077+0000] {manager.py:726} INFO - Searching for files in /opt/airflow/dags
[2022-12-21T12:43:37.078+0000] {manager.py:729} INFO - There are 0 files in /opt/airflow/dags
[2022-12-21T12:48:37.773+0000] {manager.py:726} INFO - Searching for files in /opt/airflow/dags
[2022-12-21T12:48:37.774+0000] {manager.py:729} INFO - There are 0 files in /opt/airflow/dags
[2022-12-21T12:53:38.486+0000] {manager.py:726} INFO - Searching for files in /opt/airflow/dags
[2022-12-21T12:53:38.487+0000] {manager.py:729} INFO - There are 0 files in /opt/airflow/dags
[2022-12-21T12:58:39.350+0000] {manager.py:726} INFO - Searching for files in /opt/airflow/dags
[2022-12-21T12:58:39.351+0000] {manager.py:729} INFO - There are 0 files in /opt/airflow/dags
[2022-12-21T13:03:39.656+0000] {manager.py:726} INFO - Searching for files in /opt/airflow/dags
[2022-12-21T13:03:39.657+0000] {manager.py:729} INFO - There are 0 files in /opt/airflow/dags
[2022-12-21T13:08:40.329+0000] {manager.py:726} INFO - Searching for files in /opt/airflow/dags
[2022-12-21T13:08:40.330+0000] {manager.py:729} INFO - There are 0 files in /opt/airflow/dags
[2022-12-21T13:13:40.332+0000] {manager.py:726} INFO - Searching for files in /opt/airflow/dags
[2022-12-21T13:13:40.332+0000] {manager.py:729} INFO - There are 0 files in /opt/airflow/dags
[2022-12-21T13:18:41.028+0000] {manager.py:726} INFO - Searching for files in /opt/airflow/dags
[2022-12-21T13:18:41.029+0000] {manager.py:729} INFO - There are 0 files in /opt/airflow/dags
[2022-12-21T13:23:41.690+0000] {manager.py:726} INFO - Searching for files in /opt/airflow/dags
[2022-12-21T13:23:41.691+0000] {manager.py:729} INFO - There are 0 files in /opt/airflow/dags
[2022-12-21T13:28:42.391+0000] {manager.py:726} INFO - Searching for files in /opt/airflow/dags
[2022-12-21T13:28:42.401+0000] {manager.py:729} INFO - There are 0 files in /opt/airflow/dags
[2022-12-21T13:33:43.061+0000] {manager.py:726} INFO - Searching for files in /opt/airflow/dags
[2022-12-21T13:33:43.061+0000] {manager.py:729} INFO - There are 0 files in /opt/airflow/dags
[2022-12-21T13:38:43.739+0000] {manager.py:726} INFO - Searching for files in /opt/airflow/dags
[2022-12-21T13:38:43.740+0000] {manager.py:729} INFO - There are 0 files in /opt/airflow/dags
[2022-12-21T13:43:44.413+0000] {manager.py:726} INFO - Searching for files in /opt/airflow/dags
[2022-12-21T13:43:44.414+0000] {manager.py:729} INFO - There are 0 files in /opt/airflow/dags
[2022-12-21T13:48:45.165+0000] {manager.py:726} INFO - Searching for files in /opt/airflow/dags
[2022-12-21T13:48:45.169+0000] {manager.py:729} INFO - There are 0 files in /opt/airflow/dags
[2022-12-21T13:53:45.952+0000] {manager.py:726} INFO - Searching for files in /opt/airflow/dags
[2022-12-21T13:53:45.953+0000] {manager.py:729} INFO - There are 0 files in /opt/airflow/dags
[2022-12-21T13:58:46.656+0000] {manager.py:726} INFO - Searching for files in /opt/airflow/dags
[2022-12-21T13:58:46.656+0000] {manager.py:729} INFO - There are 0 files in /opt/airflow/dags
[2022-12-21T14:03:47.322+0000] {manager.py:726} INFO - Searching for files in /opt/airflow/dags
[2022-12-21T14:03:47.323+0000] {manager.py:729} INFO - There are 0 files in /opt/airflow/dags
[2022-12-21T14:08:48.008+0000] {manager.py:726} INFO - Searching for files in /opt/airflow/dags
[2022-12-21T14:08:48.009+0000] {manager.py:729} INFO - There are 0 files in /opt/airflow/dags
[2022-12-21T14:13:48.745+0000] {manager.py:726} INFO - Searching for files in /opt/airflow/dags
[2022-12-21T14:13:48.746+0000] {manager.py:729} INFO - There are 0 files in /opt/airflow/dags
[2022-12-21T14:18:49.414+0000] {manager.py:726} INFO - Searching for files in /opt/airflow/dags
[2022-12-21T14:18:49.415+0000] {manager.py:729} INFO - There are 0 files in /opt/airflow/dags
[2022-12-21T14:23:50.326+0000] {manager.py:726} INFO - Searching for files in /opt/airflow/dags
[2022-12-21T14:23:50.327+0000] {manager.py:729} INFO - There are 0 files in /opt/airflow/dags
[2022-12-21T14:28:51.269+0000] {manager.py:726} INFO - Searching for files in /opt/airflow/dags
[2022-12-21T14:28:51.281+0000] {manager.py:729} INFO - There are 0 files in /opt/airflow/dags
[2022-12-21T14:33:51.828+0000] {manager.py:726} INFO - Searching for files in /opt/airflow/dags
[2022-12-21T14:33:51.829+0000] {manager.py:729} INFO - There are 0 files in /opt/airflow/dags
[2022-12-21T14:38:52.291+0000] {manager.py:726} INFO - Searching for files in /opt/airflow/dags
[2022-12-21T14:38:52.303+0000] {manager.py:729} INFO - There are 0 files in /opt/airflow/dags
[2022-12-21T14:43:52.846+0000] {manager.py:726} INFO - Searching for files in /opt/airflow/dags
[2022-12-21T14:43:52.848+0000] {manager.py:729} INFO - There are 0 files in /opt/airflow/dags
[2022-12-21T14:48:53.453+0000] {manager.py:726} INFO - Searching for files in /opt/airflow/dags
[2022-12-21T14:48:53.454+0000] {manager.py:729} INFO - There are 0 files in /opt/airflow/dags
[2022-12-21T14:53:54.254+0000] {manager.py:726} INFO - Searching for files in /opt/airflow/dags
[2022-12-21T14:53:54.255+0000] {manager.py:729} INFO - There are 0 files in /opt/airflow/dags
[2022-12-21T14:58:54.734+0000] {manager.py:726} INFO - Searching for files in /opt/airflow/dags
[2022-12-21T14:58:54.745+0000] {manager.py:729} INFO - There are 0 files in /opt/airflow/dags
[2022-12-21T15:03:55.056+0000] {manager.py:726} INFO - Searching for files in /opt/airflow/dags
[2022-12-21T15:03:55.057+0000] {manager.py:729} INFO - There are 0 files in /opt/airflow/dags
[2022-12-21T15:08:55.366+0000] {manager.py:726} INFO - Searching for files in /opt/airflow/dags
[2022-12-21T15:08:55.368+0000] {manager.py:729} INFO - There are 0 files in /opt/airflow/dags
[2022-12-21T15:13:56.071+0000] {manager.py:726} INFO - Searching for files in /opt/airflow/dags
[2022-12-21T15:13:56.072+0000] {manager.py:729} INFO - There are 0 files in /opt/airflow/dags
[2022-12-21T15:18:56.444+0000] {manager.py:726} INFO - Searching for files in /opt/airflow/dags
[2022-12-21T15:18:56.446+0000] {manager.py:729} INFO - There are 0 files in /opt/airflow/dags
[2022-12-21T15:23:56.988+0000] {manager.py:726} INFO - Searching for files in /opt/airflow/dags
[2022-12-21T15:23:56.989+0000] {manager.py:729} INFO - There are 0 files in /opt/airflow/dags
[2022-12-21T15:28:57.231+0000] {manager.py:726} INFO - Searching for files in /opt/airflow/dags
[2022-12-21T15:28:57.232+0000] {manager.py:729} INFO - There are 0 files in /opt/airflow/dags
[2022-12-21T15:33:57.407+0000] {manager.py:726} INFO - Searching for files in /opt/airflow/dags
[2022-12-21T15:33:57.408+0000] {manager.py:729} INFO - There are 0 files in /opt/airflow/dags
[2022-12-21T15:38:57.528+0000] {manager.py:726} INFO - Searching for files in /opt/airflow/dags
[2022-12-21T15:38:57.529+0000] {manager.py:729} INFO - There are 0 files in /opt/airflow/dags
[2022-12-21T15:43:58.196+0000] {manager.py:726} INFO - Searching for files in /opt/airflow/dags
[2022-12-21T15:43:58.197+0000] {manager.py:729} INFO - There are 0 files in /opt/airflow/dags
[2022-12-21T15:48:58.948+0000] {manager.py:726} INFO - Searching for files in /opt/airflow/dags
[2022-12-21T15:48:58.950+0000] {manager.py:729} INFO - There are 0 files in /opt/airflow/dags
[2022-12-21T15:53:59.872+0000] {manager.py:726} INFO - Searching for files in /opt/airflow/dags
[2022-12-21T15:53:59.873+0000] {manager.py:729} INFO - There are 0 files in /opt/airflow/dags
[2022-12-21T15:59:00.600+0000] {manager.py:726} INFO - Searching for files in /opt/airflow/dags
[2022-12-21T15:59:00.601+0000] {manager.py:729} INFO - There are 0 files in /opt/airflow/dags
[2022-12-21T16:04:01.409+0000] {manager.py:726} INFO - Searching for files in /opt/airflow/dags
[2022-12-21T16:04:01.411+0000] {manager.py:729} INFO - There are 0 files in /opt/airflow/dags
[2022-12-21T16:09:02.286+0000] {manager.py:726} INFO - Searching for files in /opt/airflow/dags
[2022-12-21T16:09:02.287+0000] {manager.py:729} INFO - There are 0 files in /opt/airflow/dags
[2022-12-21T16:14:03.167+0000] {manager.py:726} INFO - Searching for files in /opt/airflow/dags
[2022-12-21T16:14:03.168+0000] {manager.py:729} INFO - There are 0 files in /opt/airflow/dags
